[2025-01-23T12:27:18.963547+00:00] main.DEBUG: cache_invalidate:  {"method":"GET","url":"http:/","invalidateInfo":{"identifier":"INTEGRITY_base"}} []
[2025-01-23T12:27:18.963920+00:00] main.DEBUG: cache_invalidate:  {"method":"GET","url":"http:/","invalidateInfo":{"identifier":"INTEGRITY_frontend"}} []
[2025-01-23T12:27:18.964047+00:00] main.DEBUG: cache_invalidate:  {"method":"GET","url":"http:/","invalidateInfo":{"identifier":"INTEGRITY_adminhtml"}} []
[2025-01-23T12:27:29.147706+00:00] main.DEBUG: cache_invalidate:  {"method":"GET","url":"http:/","invalidateInfo":{"tags":["FPC"],"mode":"matchingTag"}} []
[2025-01-23T12:27:43.010935+00:00] main.INFO: Broken reference: the 'catalog.compare.sidebar' element cannot be added as child to 'sidebar.additional', because the latter doesn't exist [] []
[2025-01-23T12:27:43.011274+00:00] main.INFO: Broken reference: the 'sale.reorder.sidebar' element cannot be added as child to 'sidebar.additional', because the latter doesn't exist [] []
[2025-01-23T12:27:43.011528+00:00] main.INFO: Broken reference: the 'wishlist_sidebar' element cannot be added as child to 'sidebar.additional', because the latter doesn't exist [] []
[2025-01-23T12:27:43.012618+00:00] main.INFO: Broken reference: the 'product.info.related' tries to reorder itself towards 'product.info.', but their parents are different: 'content' and '' respectively. [] []
[2025-01-23T12:27:44.606393+00:00] main.ERROR: Unable to resolve the source file for 'frontend/Magebit/learning/en_US/underscore-umd.js.map' [] []
[2025-01-23T12:27:44.606712+00:00] main.CRITICAL: Unable to resolve the source file for 'frontend/Magebit/learning/en_US/underscore-umd.js.map' [] []
[2025-01-23T12:27:45.665734+00:00] main.ERROR: Unable to resolve the source file for 'frontend/Magebit/learning/en_US/vimeo/player.js.map' [] []
[2025-01-23T12:27:45.666012+00:00] main.CRITICAL: Unable to resolve the source file for 'frontend/Magebit/learning/en_US/vimeo/player.js.map' [] []
[2025-01-23T12:28:00.977619+00:00] main.ERROR: Unable to resolve the source file for 'frontend/Magebit/learning/en_US/underscore-umd.js.map' [] []
[2025-01-23T12:28:00.977870+00:00] main.CRITICAL: Unable to resolve the source file for 'frontend/Magebit/learning/en_US/underscore-umd.js.map' [] []
[2025-01-23T12:28:00.981700+00:00] main.ERROR: Unable to resolve the source file for 'frontend/Magebit/learning/en_US/vimeo/player.js.map' [] []
[2025-01-23T12:28:00.981858+00:00] main.CRITICAL: Unable to resolve the source file for 'frontend/Magebit/learning/en_US/vimeo/player.js.map' [] []
[2025-01-23T12:29:29.991008+00:00] main.DEBUG: cache_invalidate:  {"method":"GET","url":"http:/","invalidateInfo":{"identifier":"INTEGRITY_base"}} []
[2025-01-23T12:29:29.991202+00:00] main.DEBUG: cache_invalidate:  {"method":"GET","url":"http:/","invalidateInfo":{"identifier":"INTEGRITY_frontend"}} []
[2025-01-23T12:29:29.991280+00:00] main.DEBUG: cache_invalidate:  {"method":"GET","url":"http:/","invalidateInfo":{"identifier":"INTEGRITY_adminhtml"}} []
[2025-01-23T12:29:34.124827+00:00] main.DEBUG: cache_invalidate:  {"method":"GET","url":"http:/","invalidateInfo":{"tags":["FPC"],"mode":"matchingTag"}} []
[2025-01-23T12:29:41.199077+00:00] main.INFO: Broken reference: the 'catalog.compare.sidebar' element cannot be added as child to 'sidebar.additional', because the latter doesn't exist [] []
[2025-01-23T12:29:41.199236+00:00] main.INFO: Broken reference: the 'sale.reorder.sidebar' element cannot be added as child to 'sidebar.additional', because the latter doesn't exist [] []
[2025-01-23T12:29:41.199349+00:00] main.INFO: Broken reference: the 'wishlist_sidebar' element cannot be added as child to 'sidebar.additional', because the latter doesn't exist [] []
[2025-01-23T12:29:41.199721+00:00] main.INFO: Broken reference: the 'product.info.related' tries to reorder itself towards 'product.info.', but their parents are different: 'content' and '' respectively. [] []
[2025-01-23T12:29:41.728731+00:00] main.ERROR: Unable to resolve the source file for 'frontend/Magebit/learning/en_US/underscore-umd.js.map' [] []
[2025-01-23T12:29:41.728998+00:00] main.CRITICAL: Unable to resolve the source file for 'frontend/Magebit/learning/en_US/underscore-umd.js.map' [] []
[2025-01-23T12:29:42.269191+00:00] main.ERROR: Unable to resolve the source file for 'frontend/Magebit/learning/en_US/vimeo/player.js.map' [] []
[2025-01-23T12:29:42.269556+00:00] main.CRITICAL: Unable to resolve the source file for 'frontend/Magebit/learning/en_US/vimeo/player.js.map' [] []
[2025-01-23T12:30:13.491617+00:00] main.ERROR: Unable to resolve the source file for 'frontend/Magebit/learning/en_US/underscore-umd.js.map' [] []
[2025-01-23T12:30:13.491763+00:00] main.CRITICAL: Unable to resolve the source file for 'frontend/Magebit/learning/en_US/underscore-umd.js.map' [] []
[2025-01-23T12:30:13.923541+00:00] main.ERROR: Unable to resolve the source file for 'frontend/Magebit/learning/en_US/vimeo/player.js.map' [] []
[2025-01-23T12:30:13.923743+00:00] main.CRITICAL: Unable to resolve the source file for 'frontend/Magebit/learning/en_US/vimeo/player.js.map' [] []
[2025-01-23T12:30:41.137929+00:00] main.DEBUG: cache_invalidate:  {"method":"GET","url":"http:/","invalidateInfo":{"identifier":"INTEGRITY_base"}} []
[2025-01-23T12:30:41.138070+00:00] main.DEBUG: cache_invalidate:  {"method":"GET","url":"http:/","invalidateInfo":{"identifier":"INTEGRITY_frontend"}} []
[2025-01-23T12:30:41.138125+00:00] main.DEBUG: cache_invalidate:  {"method":"GET","url":"http:/","invalidateInfo":{"identifier":"INTEGRITY_adminhtml"}} []
[2025-01-23T12:30:44.097797+00:00] main.DEBUG: cache_invalidate:  {"method":"GET","url":"http:/","invalidateInfo":{"tags":["FPC"],"mode":"matchingTag"}} []
[2025-01-23T12:30:49.793544+00:00] main.INFO: Broken reference: the 'catalog.compare.sidebar' element cannot be added as child to 'sidebar.additional', because the latter doesn't exist [] []
[2025-01-23T12:30:49.793673+00:00] main.INFO: Broken reference: the 'sale.reorder.sidebar' element cannot be added as child to 'sidebar.additional', because the latter doesn't exist [] []
[2025-01-23T12:30:49.793759+00:00] main.INFO: Broken reference: the 'wishlist_sidebar' element cannot be added as child to 'sidebar.additional', because the latter doesn't exist [] []
[2025-01-23T12:30:49.794096+00:00] main.INFO: Broken reference: the 'product.info.related' tries to reorder itself towards 'product.info.', but their parents are different: 'content' and '' respectively. [] []
[2025-01-23T12:30:50.159548+00:00] main.ERROR: Unable to resolve the source file for 'frontend/Magebit/learning/en_US/underscore-umd.js.map' [] []
[2025-01-23T12:30:50.159673+00:00] main.CRITICAL: Unable to resolve the source file for 'frontend/Magebit/learning/en_US/underscore-umd.js.map' [] []
[2025-01-23T12:30:50.514266+00:00] main.ERROR: Unable to resolve the source file for 'frontend/Magebit/learning/en_US/vimeo/player.js.map' [] []
[2025-01-23T12:30:50.514407+00:00] main.CRITICAL: Unable to resolve the source file for 'frontend/Magebit/learning/en_US/vimeo/player.js.map' [] []
[2025-01-23T12:31:26.632221+00:00] main.DEBUG: cache_invalidate:  {"method":"GET","url":"http:/","invalidateInfo":{"identifier":"INTEGRITY_base"}} []
[2025-01-23T12:31:26.632370+00:00] main.DEBUG: cache_invalidate:  {"method":"GET","url":"http:/","invalidateInfo":{"identifier":"INTEGRITY_frontend"}} []
[2025-01-23T12:31:26.632431+00:00] main.DEBUG: cache_invalidate:  {"method":"GET","url":"http:/","invalidateInfo":{"identifier":"INTEGRITY_adminhtml"}} []
[2025-01-23T12:31:30.171539+00:00] main.DEBUG: cache_invalidate:  {"method":"GET","url":"http:/","invalidateInfo":{"tags":["FPC"],"mode":"matchingTag"}} []
[2025-01-23T12:31:36.232960+00:00] main.INFO: Broken reference: the 'catalog.compare.sidebar' element cannot be added as child to 'sidebar.additional', because the latter doesn't exist [] []
[2025-01-23T12:31:36.233074+00:00] main.INFO: Broken reference: the 'sale.reorder.sidebar' element cannot be added as child to 'sidebar.additional', because the latter doesn't exist [] []
[2025-01-23T12:31:36.233168+00:00] main.INFO: Broken reference: the 'wishlist_sidebar' element cannot be added as child to 'sidebar.additional', because the latter doesn't exist [] []
[2025-01-23T12:31:36.233482+00:00] main.INFO: Broken reference: the 'product.info.related' tries to reorder itself towards 'product.info.', but their parents are different: 'content' and '' respectively. [] []
[2025-01-23T12:31:36.595211+00:00] main.ERROR: Unable to resolve the source file for 'frontend/Magebit/learning/en_US/underscore-umd.js.map' [] []
[2025-01-23T12:31:36.595358+00:00] main.CRITICAL: Unable to resolve the source file for 'frontend/Magebit/learning/en_US/underscore-umd.js.map' [] []
[2025-01-23T12:31:36.955007+00:00] main.ERROR: Unable to resolve the source file for 'frontend/Magebit/learning/en_US/vimeo/player.js.map' [] []
[2025-01-23T12:31:36.955223+00:00] main.CRITICAL: Unable to resolve the source file for 'frontend/Magebit/learning/en_US/vimeo/player.js.map' [] []
[2025-01-23T12:32:51.148334+00:00] main.DEBUG: cache_invalidate:  {"method":"GET","url":"http:/","invalidateInfo":{"identifier":"INTEGRITY_base"}} []
[2025-01-23T12:32:51.148457+00:00] main.DEBUG: cache_invalidate:  {"method":"GET","url":"http:/","invalidateInfo":{"identifier":"INTEGRITY_frontend"}} []
[2025-01-23T12:32:51.148508+00:00] main.DEBUG: cache_invalidate:  {"method":"GET","url":"http:/","invalidateInfo":{"identifier":"INTEGRITY_adminhtml"}} []
[2025-01-23T12:32:54.213795+00:00] main.DEBUG: cache_invalidate:  {"method":"GET","url":"http:/","invalidateInfo":{"tags":["FPC"],"mode":"matchingTag"}} []
[2025-01-23T12:33:00.325281+00:00] main.INFO: Broken reference: the 'catalog.compare.sidebar' element cannot be added as child to 'sidebar.additional', because the latter doesn't exist [] []
[2025-01-23T12:33:00.325404+00:00] main.INFO: Broken reference: the 'sale.reorder.sidebar' element cannot be added as child to 'sidebar.additional', because the latter doesn't exist [] []
[2025-01-23T12:33:00.325485+00:00] main.INFO: Broken reference: the 'wishlist_sidebar' element cannot be added as child to 'sidebar.additional', because the latter doesn't exist [] []
[2025-01-23T12:33:00.325771+00:00] main.INFO: Broken reference: the 'product.info.related' tries to reorder itself towards 'product.info.', but their parents are different: 'content' and '' respectively. [] []
[2025-01-23T12:33:00.682831+00:00] main.ERROR: Unable to resolve the source file for 'frontend/Magebit/learning/en_US/underscore-umd.js.map' [] []
[2025-01-23T12:33:00.682973+00:00] main.CRITICAL: Unable to resolve the source file for 'frontend/Magebit/learning/en_US/underscore-umd.js.map' [] []
[2025-01-23T12:33:01.062481+00:00] main.ERROR: Unable to resolve the source file for 'frontend/Magebit/learning/en_US/vimeo/player.js.map' [] []
[2025-01-23T12:33:01.062629+00:00] main.CRITICAL: Unable to resolve the source file for 'frontend/Magebit/learning/en_US/vimeo/player.js.map' [] []
[2025-01-23T12:34:13.182461+00:00] main.DEBUG: cache_invalidate:  {"method":"GET","url":"http:/","invalidateInfo":{"identifier":"INTEGRITY_base"}} []
[2025-01-23T12:34:13.182606+00:00] main.DEBUG: cache_invalidate:  {"method":"GET","url":"http:/","invalidateInfo":{"identifier":"INTEGRITY_frontend"}} []
[2025-01-23T12:34:13.182665+00:00] main.DEBUG: cache_invalidate:  {"method":"GET","url":"http:/","invalidateInfo":{"identifier":"INTEGRITY_adminhtml"}} []
[2025-01-23T12:34:16.193046+00:00] main.DEBUG: cache_invalidate:  {"method":"GET","url":"http:/","invalidateInfo":{"tags":["FPC"],"mode":"matchingTag"}} []
[2025-01-23T12:34:22.013340+00:00] main.INFO: Broken reference: the 'catalog.compare.sidebar' element cannot be added as child to 'sidebar.additional', because the latter doesn't exist [] []
[2025-01-23T12:34:22.013444+00:00] main.INFO: Broken reference: the 'sale.reorder.sidebar' element cannot be added as child to 'sidebar.additional', because the latter doesn't exist [] []
[2025-01-23T12:34:22.013525+00:00] main.INFO: Broken reference: the 'wishlist_sidebar' element cannot be added as child to 'sidebar.additional', because the latter doesn't exist [] []
[2025-01-23T12:34:22.013792+00:00] main.INFO: Broken reference: the 'product.info.related' tries to reorder itself towards 'product.info.', but their parents are different: 'content' and '' respectively. [] []
[2025-01-23T12:34:22.366559+00:00] main.ERROR: Unable to resolve the source file for 'frontend/Magebit/learning/en_US/underscore-umd.js.map' [] []
[2025-01-23T12:34:22.366670+00:00] main.CRITICAL: Unable to resolve the source file for 'frontend/Magebit/learning/en_US/underscore-umd.js.map' [] []
[2025-01-23T12:34:22.716831+00:00] main.ERROR: Unable to resolve the source file for 'frontend/Magebit/learning/en_US/vimeo/player.js.map' [] []
[2025-01-23T12:34:22.717026+00:00] main.CRITICAL: Unable to resolve the source file for 'frontend/Magebit/learning/en_US/vimeo/player.js.map' [] []
[2025-01-23T12:34:33.583871+00:00] main.DEBUG: cache_invalidate:  {"method":"GET","url":"http:/","invalidateInfo":{"identifier":"INTEGRITY_base"}} []
[2025-01-23T12:34:33.584031+00:00] main.DEBUG: cache_invalidate:  {"method":"GET","url":"http:/","invalidateInfo":{"identifier":"INTEGRITY_frontend"}} []
[2025-01-23T12:34:33.584088+00:00] main.DEBUG: cache_invalidate:  {"method":"GET","url":"http:/","invalidateInfo":{"identifier":"INTEGRITY_adminhtml"}} []
[2025-01-23T12:34:37.471287+00:00] main.DEBUG: cache_invalidate:  {"method":"GET","url":"http:/","invalidateInfo":{"tags":["FPC"],"mode":"matchingTag"}} []
[2025-01-23T12:34:44.638854+00:00] main.INFO: Broken reference: the 'catalog.compare.sidebar' element cannot be added as child to 'sidebar.additional', because the latter doesn't exist [] []
[2025-01-23T12:34:44.639016+00:00] main.INFO: Broken reference: the 'sale.reorder.sidebar' element cannot be added as child to 'sidebar.additional', because the latter doesn't exist [] []
[2025-01-23T12:34:44.639129+00:00] main.INFO: Broken reference: the 'wishlist_sidebar' element cannot be added as child to 'sidebar.additional', because the latter doesn't exist [] []
[2025-01-23T12:34:44.639536+00:00] main.INFO: Broken reference: the 'product.info.related' tries to reorder itself towards 'product.info.', but their parents are different: 'content' and '' respectively. [] []
[2025-01-23T12:34:45.219730+00:00] main.ERROR: Unable to resolve the source file for 'frontend/Magebit/learning/en_US/underscore-umd.js.map' [] []
[2025-01-23T12:34:45.219995+00:00] main.CRITICAL: Unable to resolve the source file for 'frontend/Magebit/learning/en_US/underscore-umd.js.map' [] []
[2025-01-23T12:34:45.819248+00:00] main.ERROR: Unable to resolve the source file for 'frontend/Magebit/learning/en_US/vimeo/player.js.map' [] []
[2025-01-23T12:34:45.819468+00:00] main.CRITICAL: Unable to resolve the source file for 'frontend/Magebit/learning/en_US/vimeo/player.js.map' [] []
[2025-01-23T12:36:06.366892+00:00] main.DEBUG: cache_invalidate:  {"method":"GET","url":"http:/","invalidateInfo":{"identifier":"INTEGRITY_base"}} []
[2025-01-23T12:36:06.367031+00:00] main.DEBUG: cache_invalidate:  {"method":"GET","url":"http:/","invalidateInfo":{"identifier":"INTEGRITY_frontend"}} []
[2025-01-23T12:36:06.367083+00:00] main.DEBUG: cache_invalidate:  {"method":"GET","url":"http:/","invalidateInfo":{"identifier":"INTEGRITY_adminhtml"}} []
[2025-01-23T12:36:10.642782+00:00] main.DEBUG: cache_invalidate:  {"method":"GET","url":"http:/","invalidateInfo":{"tags":["FPC"],"mode":"matchingTag"}} []
[2025-01-23T12:36:16.519931+00:00] main.INFO: Broken reference: the 'catalog.compare.sidebar' element cannot be added as child to 'sidebar.additional', because the latter doesn't exist [] []
[2025-01-23T12:36:16.520054+00:00] main.INFO: Broken reference: the 'sale.reorder.sidebar' element cannot be added as child to 'sidebar.additional', because the latter doesn't exist [] []
[2025-01-23T12:36:16.520134+00:00] main.INFO: Broken reference: the 'wishlist_sidebar' element cannot be added as child to 'sidebar.additional', because the latter doesn't exist [] []
[2025-01-23T12:36:16.520406+00:00] main.INFO: Broken reference: the 'product.info.related' tries to reorder itself towards 'product.info.', but their parents are different: 'content' and '' respectively. [] []
[2025-01-23T12:36:16.900439+00:00] main.ERROR: Unable to resolve the source file for 'frontend/Magebit/learning/en_US/underscore-umd.js.map' [] []
[2025-01-23T12:36:16.900565+00:00] main.CRITICAL: Unable to resolve the source file for 'frontend/Magebit/learning/en_US/underscore-umd.js.map' [] []
[2025-01-23T12:36:17.235685+00:00] main.ERROR: Unable to resolve the source file for 'frontend/Magebit/learning/en_US/vimeo/player.js.map' [] []
[2025-01-23T12:36:17.235847+00:00] main.CRITICAL: Unable to resolve the source file for 'frontend/Magebit/learning/en_US/vimeo/player.js.map' [] []
[2025-01-23T12:37:05.236647+00:00] main.DEBUG: cache_invalidate:  {"method":"GET","url":"http:/","invalidateInfo":{"identifier":"INTEGRITY_base"}} []
[2025-01-23T12:37:05.236805+00:00] main.DEBUG: cache_invalidate:  {"method":"GET","url":"http:/","invalidateInfo":{"identifier":"INTEGRITY_frontend"}} []
[2025-01-23T12:37:05.236866+00:00] main.DEBUG: cache_invalidate:  {"method":"GET","url":"http:/","invalidateInfo":{"identifier":"INTEGRITY_adminhtml"}} []
[2025-01-23T12:37:08.252788+00:00] main.DEBUG: cache_invalidate:  {"method":"GET","url":"http:/","invalidateInfo":{"tags":["FPC"],"mode":"matchingTag"}} []
[2025-01-23T12:37:13.855067+00:00] main.INFO: Broken reference: the 'catalog.compare.sidebar' element cannot be added as child to 'sidebar.additional', because the latter doesn't exist [] []
[2025-01-23T12:37:13.855178+00:00] main.INFO: Broken reference: the 'sale.reorder.sidebar' element cannot be added as child to 'sidebar.additional', because the latter doesn't exist [] []
[2025-01-23T12:37:13.855271+00:00] main.INFO: Broken reference: the 'wishlist_sidebar' element cannot be added as child to 'sidebar.additional', because the latter doesn't exist [] []
[2025-01-23T12:37:13.855566+00:00] main.INFO: Broken reference: the 'product.info.related' tries to reorder itself towards 'product.info.', but their parents are different: 'content' and '' respectively. [] []
[2025-01-23T12:37:14.220870+00:00] main.ERROR: Unable to resolve the source file for 'frontend/Magebit/learning/en_US/underscore-umd.js.map' [] []
[2025-01-23T12:37:14.221048+00:00] main.CRITICAL: Unable to resolve the source file for 'frontend/Magebit/learning/en_US/underscore-umd.js.map' [] []
[2025-01-23T12:37:14.606145+00:00] main.ERROR: Unable to resolve the source file for 'frontend/Magebit/learning/en_US/vimeo/player.js.map' [] []
[2025-01-23T12:37:14.606319+00:00] main.CRITICAL: Unable to resolve the source file for 'frontend/Magebit/learning/en_US/vimeo/player.js.map' [] []
[2025-01-23T12:37:51.384411+00:00] main.DEBUG: cache_invalidate:  {"method":"GET","url":"http:/","invalidateInfo":{"identifier":"INTEGRITY_base"}} []
[2025-01-23T12:37:51.384557+00:00] main.DEBUG: cache_invalidate:  {"method":"GET","url":"http:/","invalidateInfo":{"identifier":"INTEGRITY_frontend"}} []
[2025-01-23T12:37:51.384614+00:00] main.DEBUG: cache_invalidate:  {"method":"GET","url":"http:/","invalidateInfo":{"identifier":"INTEGRITY_adminhtml"}} []
[2025-01-23T12:37:54.568346+00:00] main.DEBUG: cache_invalidate:  {"method":"GET","url":"http:/","invalidateInfo":{"tags":["FPC"],"mode":"matchingTag"}} []
[2025-01-23T12:38:01.254691+00:00] main.INFO: Broken reference: the 'catalog.compare.sidebar' element cannot be added as child to 'sidebar.additional', because the latter doesn't exist [] []
[2025-01-23T12:38:01.254813+00:00] main.INFO: Broken reference: the 'sale.reorder.sidebar' element cannot be added as child to 'sidebar.additional', because the latter doesn't exist [] []
[2025-01-23T12:38:01.254902+00:00] main.INFO: Broken reference: the 'wishlist_sidebar' element cannot be added as child to 'sidebar.additional', because the latter doesn't exist [] []
[2025-01-23T12:38:01.255225+00:00] main.INFO: Broken reference: the 'product.info.related' tries to reorder itself towards 'product.info.', but their parents are different: 'content' and '' respectively. [] []
[2025-01-23T12:38:01.602871+00:00] main.ERROR: Unable to resolve the source file for 'frontend/Magebit/learning/en_US/underscore-umd.js.map' [] []
[2025-01-23T12:38:01.603045+00:00] main.CRITICAL: Unable to resolve the source file for 'frontend/Magebit/learning/en_US/underscore-umd.js.map' [] []
[2025-01-23T12:38:01.983915+00:00] main.ERROR: Unable to resolve the source file for 'frontend/Magebit/learning/en_US/vimeo/player.js.map' [] []
[2025-01-23T12:38:01.984060+00:00] main.CRITICAL: Unable to resolve the source file for 'frontend/Magebit/learning/en_US/vimeo/player.js.map' [] []
[2025-01-23T12:39:02.950081+00:00] main.DEBUG: cache_invalidate:  {"method":"GET","url":"http:/","invalidateInfo":{"identifier":"INTEGRITY_base"}} []
[2025-01-23T12:39:02.950202+00:00] main.DEBUG: cache_invalidate:  {"method":"GET","url":"http:/","invalidateInfo":{"identifier":"INTEGRITY_frontend"}} []
[2025-01-23T12:39:02.950253+00:00] main.DEBUG: cache_invalidate:  {"method":"GET","url":"http:/","invalidateInfo":{"identifier":"INTEGRITY_adminhtml"}} []
[2025-01-23T12:39:05.779535+00:00] main.DEBUG: cache_invalidate:  {"method":"GET","url":"http:/","invalidateInfo":{"tags":["FPC"],"mode":"matchingTag"}} []
[2025-01-23T12:39:12.056018+00:00] main.INFO: Broken reference: the 'catalog.compare.sidebar' element cannot be added as child to 'sidebar.additional', because the latter doesn't exist [] []
[2025-01-23T12:39:12.056146+00:00] main.INFO: Broken reference: the 'sale.reorder.sidebar' element cannot be added as child to 'sidebar.additional', because the latter doesn't exist [] []
[2025-01-23T12:39:12.056229+00:00] main.INFO: Broken reference: the 'wishlist_sidebar' element cannot be added as child to 'sidebar.additional', because the latter doesn't exist [] []
[2025-01-23T12:39:12.056509+00:00] main.INFO: Broken reference: the 'product.info.related' tries to reorder itself towards 'product.info.', but their parents are different: 'content' and '' respectively. [] []
[2025-01-23T12:39:12.430636+00:00] main.ERROR: Unable to resolve the source file for 'frontend/Magebit/learning/en_US/underscore-umd.js.map' [] []
[2025-01-23T12:39:12.430821+00:00] main.CRITICAL: Unable to resolve the source file for 'frontend/Magebit/learning/en_US/underscore-umd.js.map' [] []
[2025-01-23T12:39:12.781499+00:00] main.ERROR: Unable to resolve the source file for 'frontend/Magebit/learning/en_US/vimeo/player.js.map' [] []
[2025-01-23T12:39:12.781630+00:00] main.CRITICAL: Unable to resolve the source file for 'frontend/Magebit/learning/en_US/vimeo/player.js.map' [] []
[2025-01-23T12:39:46.390042+00:00] main.DEBUG: cache_invalidate:  {"method":"GET","url":"http:/","invalidateInfo":{"identifier":"INTEGRITY_base"}} []
[2025-01-23T12:39:46.390168+00:00] main.DEBUG: cache_invalidate:  {"method":"GET","url":"http:/","invalidateInfo":{"identifier":"INTEGRITY_frontend"}} []
[2025-01-23T12:39:46.390217+00:00] main.DEBUG: cache_invalidate:  {"method":"GET","url":"http:/","invalidateInfo":{"identifier":"INTEGRITY_adminhtml"}} []
[2025-01-23T12:39:49.315638+00:00] main.DEBUG: cache_invalidate:  {"method":"GET","url":"http:/","invalidateInfo":{"tags":["FPC"],"mode":"matchingTag"}} []
[2025-01-23T12:39:56.271988+00:00] main.INFO: Broken reference: the 'catalog.compare.sidebar' element cannot be added as child to 'sidebar.additional', because the latter doesn't exist [] []
[2025-01-23T12:39:56.272100+00:00] main.INFO: Broken reference: the 'sale.reorder.sidebar' element cannot be added as child to 'sidebar.additional', because the latter doesn't exist [] []
[2025-01-23T12:39:56.272193+00:00] main.INFO: Broken reference: the 'wishlist_sidebar' element cannot be added as child to 'sidebar.additional', because the latter doesn't exist [] []
[2025-01-23T12:39:56.272493+00:00] main.INFO: Broken reference: the 'product.info.related' tries to reorder itself towards 'product.info.', but their parents are different: 'content' and '' respectively. [] []
[2025-01-23T12:39:56.652558+00:00] main.ERROR: Unable to resolve the source file for 'frontend/Magebit/learning/en_US/underscore-umd.js.map' [] []
[2025-01-23T12:39:56.652680+00:00] main.CRITICAL: Unable to resolve the source file for 'frontend/Magebit/learning/en_US/underscore-umd.js.map' [] []
[2025-01-23T12:39:57.003596+00:00] main.ERROR: Unable to resolve the source file for 'frontend/Magebit/learning/en_US/vimeo/player.js.map' [] []
[2025-01-23T12:39:57.003718+00:00] main.CRITICAL: Unable to resolve the source file for 'frontend/Magebit/learning/en_US/vimeo/player.js.map' [] []
[2025-01-23T12:42:35.326405+00:00] main.DEBUG: cache_invalidate:  {"method":"GET","url":"http:/","invalidateInfo":{"identifier":"INTEGRITY_base"}} []
[2025-01-23T12:42:35.326551+00:00] main.DEBUG: cache_invalidate:  {"method":"GET","url":"http:/","invalidateInfo":{"identifier":"INTEGRITY_frontend"}} []
[2025-01-23T12:42:35.326604+00:00] main.DEBUG: cache_invalidate:  {"method":"GET","url":"http:/","invalidateInfo":{"identifier":"INTEGRITY_adminhtml"}} []
[2025-01-23T12:42:38.363228+00:00] main.DEBUG: cache_invalidate:  {"method":"GET","url":"http:/","invalidateInfo":{"tags":["FPC"],"mode":"matchingTag"}} []
[2025-01-23T12:42:44.171592+00:00] main.INFO: Broken reference: the 'catalog.compare.sidebar' element cannot be added as child to 'sidebar.additional', because the latter doesn't exist [] []
[2025-01-23T12:42:44.171740+00:00] main.INFO: Broken reference: the 'sale.reorder.sidebar' element cannot be added as child to 'sidebar.additional', because the latter doesn't exist [] []
[2025-01-23T12:42:44.171825+00:00] main.INFO: Broken reference: the 'wishlist_sidebar' element cannot be added as child to 'sidebar.additional', because the latter doesn't exist [] []
[2025-01-23T12:42:44.172091+00:00] main.INFO: Broken reference: the 'product.info.related' tries to reorder itself towards 'product.info.', but their parents are different: 'content' and '' respectively. [] []
[2025-01-23T12:42:44.547875+00:00] main.ERROR: Unable to resolve the source file for 'frontend/Magebit/learning/en_US/underscore-umd.js.map' [] []
[2025-01-23T12:42:44.548021+00:00] main.CRITICAL: Unable to resolve the source file for 'frontend/Magebit/learning/en_US/underscore-umd.js.map' [] []
[2025-01-23T12:42:44.945622+00:00] main.ERROR: Unable to resolve the source file for 'frontend/Magebit/learning/en_US/vimeo/player.js.map' [] []
[2025-01-23T12:42:44.945753+00:00] main.CRITICAL: Unable to resolve the source file for 'frontend/Magebit/learning/en_US/vimeo/player.js.map' [] []
[2025-01-23T12:43:21.650554+00:00] main.DEBUG: cache_invalidate:  {"method":"GET","url":"http:/","invalidateInfo":{"identifier":"INTEGRITY_base"}} []
[2025-01-23T12:43:21.650690+00:00] main.DEBUG: cache_invalidate:  {"method":"GET","url":"http:/","invalidateInfo":{"identifier":"INTEGRITY_frontend"}} []
[2025-01-23T12:43:21.650747+00:00] main.DEBUG: cache_invalidate:  {"method":"GET","url":"http:/","invalidateInfo":{"identifier":"INTEGRITY_adminhtml"}} []
[2025-01-23T12:43:24.620816+00:00] main.DEBUG: cache_invalidate:  {"method":"GET","url":"http:/","invalidateInfo":{"tags":["FPC"],"mode":"matchingTag"}} []
[2025-01-23T12:43:30.406555+00:00] main.INFO: Broken reference: the 'catalog.compare.sidebar' element cannot be added as child to 'sidebar.additional', because the latter doesn't exist [] []
[2025-01-23T12:43:30.406679+00:00] main.INFO: Broken reference: the 'sale.reorder.sidebar' element cannot be added as child to 'sidebar.additional', because the latter doesn't exist [] []
[2025-01-23T12:43:30.406765+00:00] main.INFO: Broken reference: the 'wishlist_sidebar' element cannot be added as child to 'sidebar.additional', because the latter doesn't exist [] []
[2025-01-23T12:43:30.407091+00:00] main.INFO: Broken reference: the 'product.info.related' tries to reorder itself towards 'product.info.', but their parents are different: 'content' and '' respectively. [] []
[2025-01-23T12:43:30.881731+00:00] main.ERROR: Unable to resolve the source file for 'frontend/Magebit/learning/en_US/underscore-umd.js.map' [] []
[2025-01-23T12:43:30.881934+00:00] main.CRITICAL: Unable to resolve the source file for 'frontend/Magebit/learning/en_US/underscore-umd.js.map' [] []
[2025-01-23T12:43:31.190098+00:00] main.ERROR: Unable to resolve the source file for 'frontend/Magebit/learning/en_US/vimeo/player.js.map' [] []
[2025-01-23T12:43:31.190328+00:00] main.CRITICAL: Unable to resolve the source file for 'frontend/Magebit/learning/en_US/vimeo/player.js.map' [] []
[2025-01-23T12:44:12.560660+00:00] main.DEBUG: cache_invalidate:  {"method":"GET","url":"http:/","invalidateInfo":{"identifier":"INTEGRITY_base"}} []
[2025-01-23T12:44:12.560789+00:00] main.DEBUG: cache_invalidate:  {"method":"GET","url":"http:/","invalidateInfo":{"identifier":"INTEGRITY_frontend"}} []
[2025-01-23T12:44:12.560846+00:00] main.DEBUG: cache_invalidate:  {"method":"GET","url":"http:/","invalidateInfo":{"identifier":"INTEGRITY_adminhtml"}} []
[2025-01-23T12:44:15.300544+00:00] main.DEBUG: cache_invalidate:  {"method":"GET","url":"http:/","invalidateInfo":{"tags":["FPC"],"mode":"matchingTag"}} []
[2025-01-23T12:44:22.786194+00:00] main.INFO: Broken reference: the 'catalog.compare.sidebar' element cannot be added as child to 'sidebar.additional', because the latter doesn't exist [] []
[2025-01-23T12:44:22.786299+00:00] main.INFO: Broken reference: the 'sale.reorder.sidebar' element cannot be added as child to 'sidebar.additional', because the latter doesn't exist [] []
[2025-01-23T12:44:22.786382+00:00] main.INFO: Broken reference: the 'wishlist_sidebar' element cannot be added as child to 'sidebar.additional', because the latter doesn't exist [] []
[2025-01-23T12:44:22.786648+00:00] main.INFO: Broken reference: the 'product.info.related' tries to reorder itself towards 'product.info.', but their parents are different: 'content' and '' respectively. [] []
[2025-01-23T12:44:23.183649+00:00] main.ERROR: Unable to resolve the source file for 'frontend/Magebit/learning/en_US/underscore-umd.js.map' [] []
[2025-01-23T12:44:23.183784+00:00] main.CRITICAL: Unable to resolve the source file for 'frontend/Magebit/learning/en_US/underscore-umd.js.map' [] []
[2025-01-23T12:44:23.607447+00:00] main.ERROR: Unable to resolve the source file for 'frontend/Magebit/learning/en_US/vimeo/player.js.map' [] []
[2025-01-23T12:44:23.607589+00:00] main.CRITICAL: Unable to resolve the source file for 'frontend/Magebit/learning/en_US/vimeo/player.js.map' [] []
[2025-01-23T12:45:25.346350+00:00] main.DEBUG: cache_invalidate:  {"method":"GET","url":"http:/","invalidateInfo":{"identifier":"INTEGRITY_base"}} []
[2025-01-23T12:45:25.346544+00:00] main.DEBUG: cache_invalidate:  {"method":"GET","url":"http:/","invalidateInfo":{"identifier":"INTEGRITY_frontend"}} []
[2025-01-23T12:45:25.346615+00:00] main.DEBUG: cache_invalidate:  {"method":"GET","url":"http:/","invalidateInfo":{"identifier":"INTEGRITY_adminhtml"}} []
[2025-01-23T12:45:28.286501+00:00] main.DEBUG: cache_invalidate:  {"method":"GET","url":"http:/","invalidateInfo":{"tags":["FPC"],"mode":"matchingTag"}} []
[2025-01-23T12:45:34.852410+00:00] main.INFO: Broken reference: the 'catalog.compare.sidebar' element cannot be added as child to 'sidebar.additional', because the latter doesn't exist [] []
[2025-01-23T12:45:34.852529+00:00] main.INFO: Broken reference: the 'sale.reorder.sidebar' element cannot be added as child to 'sidebar.additional', because the latter doesn't exist [] []
[2025-01-23T12:45:34.852608+00:00] main.INFO: Broken reference: the 'wishlist_sidebar' element cannot be added as child to 'sidebar.additional', because the latter doesn't exist [] []
[2025-01-23T12:45:34.852901+00:00] main.INFO: Broken reference: the 'product.info.related' tries to reorder itself towards 'product.info.', but their parents are different: 'content' and '' respectively. [] []
[2025-01-23T12:45:35.223991+00:00] main.ERROR: Unable to resolve the source file for 'frontend/Magebit/learning/en_US/underscore-umd.js.map' [] []
[2025-01-23T12:45:35.224139+00:00] main.CRITICAL: Unable to resolve the source file for 'frontend/Magebit/learning/en_US/underscore-umd.js.map' [] []
[2025-01-23T12:45:35.573450+00:00] main.ERROR: Unable to resolve the source file for 'frontend/Magebit/learning/en_US/vimeo/player.js.map' [] []
[2025-01-23T12:45:35.573582+00:00] main.CRITICAL: Unable to resolve the source file for 'frontend/Magebit/learning/en_US/vimeo/player.js.map' [] []
[2025-01-23T12:45:46.836924+00:00] main.DEBUG: cache_invalidate:  {"method":"GET","url":"http:/","invalidateInfo":{"identifier":"INTEGRITY_base"}} []
[2025-01-23T12:45:46.837099+00:00] main.DEBUG: cache_invalidate:  {"method":"GET","url":"http:/","invalidateInfo":{"identifier":"INTEGRITY_frontend"}} []
[2025-01-23T12:45:46.837158+00:00] main.DEBUG: cache_invalidate:  {"method":"GET","url":"http:/","invalidateInfo":{"identifier":"INTEGRITY_adminhtml"}} []
[2025-01-23T12:45:50.212063+00:00] main.DEBUG: cache_invalidate:  {"method":"GET","url":"http:/","invalidateInfo":{"tags":["FPC"],"mode":"matchingTag"}} []
[2025-01-23T12:45:56.766765+00:00] main.INFO: Broken reference: the 'catalog.compare.sidebar' element cannot be added as child to 'sidebar.additional', because the latter doesn't exist [] []
[2025-01-23T12:45:56.766926+00:00] main.INFO: Broken reference: the 'sale.reorder.sidebar' element cannot be added as child to 'sidebar.additional', because the latter doesn't exist [] []
[2025-01-23T12:45:56.767042+00:00] main.INFO: Broken reference: the 'wishlist_sidebar' element cannot be added as child to 'sidebar.additional', because the latter doesn't exist [] []
[2025-01-23T12:45:56.767440+00:00] main.INFO: Broken reference: the 'product.info.related' tries to reorder itself towards 'product.info.', but their parents are different: 'content' and '' respectively. [] []
[2025-01-23T12:45:57.327546+00:00] main.ERROR: Unable to resolve the source file for 'frontend/Magebit/learning/en_US/underscore-umd.js.map' [] []
[2025-01-23T12:45:57.327864+00:00] main.CRITICAL: Unable to resolve the source file for 'frontend/Magebit/learning/en_US/underscore-umd.js.map' [] []
[2025-01-23T12:45:57.982638+00:00] main.ERROR: Unable to resolve the source file for 'frontend/Magebit/learning/en_US/vimeo/player.js.map' [] []
[2025-01-23T12:45:57.982817+00:00] main.CRITICAL: Unable to resolve the source file for 'frontend/Magebit/learning/en_US/vimeo/player.js.map' [] []
[2025-01-23T12:50:47.578928+00:00] main.DEBUG: cache_invalidate:  {"method":"GET","url":"http:/","invalidateInfo":{"identifier":"INTEGRITY_base"}} []
[2025-01-23T12:50:47.579077+00:00] main.DEBUG: cache_invalidate:  {"method":"GET","url":"http:/","invalidateInfo":{"identifier":"INTEGRITY_frontend"}} []
[2025-01-23T12:50:47.579132+00:00] main.DEBUG: cache_invalidate:  {"method":"GET","url":"http:/","invalidateInfo":{"identifier":"INTEGRITY_adminhtml"}} []
[2025-01-23T12:50:50.560577+00:00] main.DEBUG: cache_invalidate:  {"method":"GET","url":"http:/","invalidateInfo":{"tags":["FPC"],"mode":"matchingTag"}} []
[2025-01-23T12:50:57.645848+00:00] main.INFO: Broken reference: the 'catalog.compare.sidebar' element cannot be added as child to 'sidebar.additional', because the latter doesn't exist [] []
[2025-01-23T12:50:57.645966+00:00] main.INFO: Broken reference: the 'sale.reorder.sidebar' element cannot be added as child to 'sidebar.additional', because the latter doesn't exist [] []
[2025-01-23T12:50:57.646047+00:00] main.INFO: Broken reference: the 'wishlist_sidebar' element cannot be added as child to 'sidebar.additional', because the latter doesn't exist [] []
[2025-01-23T12:50:57.646335+00:00] main.INFO: Broken reference: the 'product.info.related' tries to reorder itself towards 'product.info.', but their parents are different: 'content' and '' respectively. [] []
[2025-01-23T12:50:58.028080+00:00] main.ERROR: Unable to resolve the source file for 'frontend/Magebit/learning/en_US/underscore-umd.js.map' [] []
[2025-01-23T12:50:58.028218+00:00] main.CRITICAL: Unable to resolve the source file for 'frontend/Magebit/learning/en_US/underscore-umd.js.map' [] []
[2025-01-23T12:50:58.406189+00:00] main.ERROR: Unable to resolve the source file for 'frontend/Magebit/learning/en_US/vimeo/player.js.map' [] []
[2025-01-23T12:50:58.406357+00:00] main.CRITICAL: Unable to resolve the source file for 'frontend/Magebit/learning/en_US/vimeo/player.js.map' [] []
[2025-01-23T12:51:48.352650+00:00] main.DEBUG: cache_invalidate:  {"method":"GET","url":"http:/","invalidateInfo":{"identifier":"INTEGRITY_base"}} []
[2025-01-23T12:51:48.352777+00:00] main.DEBUG: cache_invalidate:  {"method":"GET","url":"http:/","invalidateInfo":{"identifier":"INTEGRITY_frontend"}} []
[2025-01-23T12:51:48.352831+00:00] main.DEBUG: cache_invalidate:  {"method":"GET","url":"http:/","invalidateInfo":{"identifier":"INTEGRITY_adminhtml"}} []
[2025-01-23T12:51:54.365868+00:00] main.DEBUG: cache_invalidate:  {"method":"GET","url":"http:/","invalidateInfo":{"identifier":"INTEGRITY_base"}} []
[2025-01-23T12:51:54.366492+00:00] main.DEBUG: cache_invalidate:  {"method":"GET","url":"http:/","invalidateInfo":{"identifier":"INTEGRITY_frontend"}} []
[2025-01-23T12:51:54.374846+00:00] main.DEBUG: cache_invalidate:  {"method":"GET","url":"http:/","invalidateInfo":{"identifier":"INTEGRITY_adminhtml"}} []
[2025-01-23T12:51:57.243413+00:00] main.DEBUG: cache_invalidate:  {"method":"GET","url":"http:/","invalidateInfo":{"tags":["FPC"],"mode":"matchingTag"}} []
[2025-01-23T12:52:07.056075+00:00] main.INFO: Broken reference: the 'catalog.compare.sidebar' element cannot be added as child to 'sidebar.additional', because the latter doesn't exist [] []
[2025-01-23T12:52:07.056192+00:00] main.INFO: Broken reference: the 'sale.reorder.sidebar' element cannot be added as child to 'sidebar.additional', because the latter doesn't exist [] []
[2025-01-23T12:52:07.056276+00:00] main.INFO: Broken reference: the 'wishlist_sidebar' element cannot be added as child to 'sidebar.additional', because the latter doesn't exist [] []
[2025-01-23T12:52:07.056548+00:00] main.INFO: Broken reference: the 'product.info.related' tries to reorder itself towards 'product.info.', but their parents are different: 'content' and '' respectively. [] []
[2025-01-23T12:52:07.482878+00:00] main.ERROR: Unable to resolve the source file for 'frontend/Magebit/learning/en_US/underscore-umd.js.map' [] []
[2025-01-23T12:52:07.483014+00:00] main.CRITICAL: Unable to resolve the source file for 'frontend/Magebit/learning/en_US/underscore-umd.js.map' [] []
[2025-01-23T12:52:07.909689+00:00] main.ERROR: Unable to resolve the source file for 'frontend/Magebit/learning/en_US/vimeo/player.js.map' [] []
[2025-01-23T12:52:07.909880+00:00] main.CRITICAL: Unable to resolve the source file for 'frontend/Magebit/learning/en_US/vimeo/player.js.map' [] []
[2025-01-23T12:52:32.546091+00:00] main.DEBUG: cache_invalidate:  {"method":"GET","url":"http:/","invalidateInfo":{"identifier":"INTEGRITY_base"}} []
[2025-01-23T12:52:32.546241+00:00] main.DEBUG: cache_invalidate:  {"method":"GET","url":"http:/","invalidateInfo":{"identifier":"INTEGRITY_frontend"}} []
[2025-01-23T12:52:32.546296+00:00] main.DEBUG: cache_invalidate:  {"method":"GET","url":"http:/","invalidateInfo":{"identifier":"INTEGRITY_adminhtml"}} []
[2025-01-23T12:52:36.053257+00:00] main.DEBUG: cache_invalidate:  {"method":"GET","url":"http:/","invalidateInfo":{"tags":["FPC"],"mode":"matchingTag"}} []
[2025-01-23T12:52:42.750348+00:00] main.INFO: Broken reference: the 'catalog.compare.sidebar' element cannot be added as child to 'sidebar.additional', because the latter doesn't exist [] []
[2025-01-23T12:52:42.750464+00:00] main.INFO: Broken reference: the 'sale.reorder.sidebar' element cannot be added as child to 'sidebar.additional', because the latter doesn't exist [] []
[2025-01-23T12:52:42.750546+00:00] main.INFO: Broken reference: the 'wishlist_sidebar' element cannot be added as child to 'sidebar.additional', because the latter doesn't exist [] []
[2025-01-23T12:52:42.750840+00:00] main.INFO: Broken reference: the 'product.info.related' tries to reorder itself towards 'product.info.', but their parents are different: 'content' and '' respectively. [] []
[2025-01-23T12:52:43.129986+00:00] main.ERROR: Unable to resolve the source file for 'frontend/Magebit/learning/en_US/underscore-umd.js.map' [] []
[2025-01-23T12:52:43.130178+00:00] main.CRITICAL: Unable to resolve the source file for 'frontend/Magebit/learning/en_US/underscore-umd.js.map' [] []
[2025-01-23T12:52:43.518328+00:00] main.ERROR: Unable to resolve the source file for 'frontend/Magebit/learning/en_US/vimeo/player.js.map' [] []
[2025-01-23T12:52:43.518471+00:00] main.CRITICAL: Unable to resolve the source file for 'frontend/Magebit/learning/en_US/vimeo/player.js.map' [] []
[2025-01-23T12:53:33.309328+00:00] main.DEBUG: cache_invalidate:  {"method":"GET","url":"http:/","invalidateInfo":{"identifier":"INTEGRITY_base"}} []
[2025-01-23T12:53:33.309491+00:00] main.DEBUG: cache_invalidate:  {"method":"GET","url":"http:/","invalidateInfo":{"identifier":"INTEGRITY_frontend"}} []
[2025-01-23T12:53:33.309556+00:00] main.DEBUG: cache_invalidate:  {"method":"GET","url":"http:/","invalidateInfo":{"identifier":"INTEGRITY_adminhtml"}} []
[2025-01-23T12:53:36.718008+00:00] main.DEBUG: cache_invalidate:  {"method":"GET","url":"http:/","invalidateInfo":{"tags":["FPC"],"mode":"matchingTag"}} []
[2025-01-23T12:53:47.161141+00:00] main.INFO: Broken reference: the 'catalog.compare.sidebar' element cannot be added as child to 'sidebar.additional', because the latter doesn't exist [] []
[2025-01-23T12:53:47.161313+00:00] main.INFO: Broken reference: the 'sale.reorder.sidebar' element cannot be added as child to 'sidebar.additional', because the latter doesn't exist [] []
[2025-01-23T12:53:47.161436+00:00] main.INFO: Broken reference: the 'wishlist_sidebar' element cannot be added as child to 'sidebar.additional', because the latter doesn't exist [] []
[2025-01-23T12:53:47.161834+00:00] main.INFO: Broken reference: the 'product.info.related' tries to reorder itself towards 'product.info.', but their parents are different: 'content' and '' respectively. [] []
[2025-01-23T12:53:47.676391+00:00] main.ERROR: Unable to resolve the source file for 'frontend/Magebit/learning/en_US/underscore-umd.js.map' [] []
[2025-01-23T12:53:47.676595+00:00] main.CRITICAL: Unable to resolve the source file for 'frontend/Magebit/learning/en_US/underscore-umd.js.map' [] []
[2025-01-23T12:53:48.365761+00:00] main.ERROR: Unable to resolve the source file for 'frontend/Magebit/learning/en_US/vimeo/player.js.map' [] []
[2025-01-23T12:53:48.365955+00:00] main.CRITICAL: Unable to resolve the source file for 'frontend/Magebit/learning/en_US/vimeo/player.js.map' [] []
[2025-01-23T12:54:41.132036+00:00] main.DEBUG: cache_invalidate:  {"method":"GET","url":"http:/","invalidateInfo":{"identifier":"INTEGRITY_base"}} []
[2025-01-23T12:54:41.132196+00:00] main.DEBUG: cache_invalidate:  {"method":"GET","url":"http:/","invalidateInfo":{"identifier":"INTEGRITY_frontend"}} []
[2025-01-23T12:54:41.132281+00:00] main.DEBUG: cache_invalidate:  {"method":"GET","url":"http:/","invalidateInfo":{"identifier":"INTEGRITY_adminhtml"}} []
[2025-01-23T12:54:44.218384+00:00] main.DEBUG: cache_invalidate:  {"method":"GET","url":"http:/","invalidateInfo":{"tags":["FPC"],"mode":"matchingTag"}} []
[2025-01-23T12:54:50.059329+00:00] main.INFO: Broken reference: the 'catalog.compare.sidebar' element cannot be added as child to 'sidebar.additional', because the latter doesn't exist [] []
[2025-01-23T12:54:50.059446+00:00] main.INFO: Broken reference: the 'sale.reorder.sidebar' element cannot be added as child to 'sidebar.additional', because the latter doesn't exist [] []
[2025-01-23T12:54:50.059537+00:00] main.INFO: Broken reference: the 'wishlist_sidebar' element cannot be added as child to 'sidebar.additional', because the latter doesn't exist [] []
[2025-01-23T12:54:50.059853+00:00] main.INFO: Broken reference: the 'product.info.related' tries to reorder itself towards 'product.info.', but their parents are different: 'content' and '' respectively. [] []
[2025-01-23T12:54:50.405786+00:00] main.ERROR: Unable to resolve the source file for 'frontend/Magebit/learning/en_US/underscore-umd.js.map' [] []
[2025-01-23T12:54:50.405915+00:00] main.CRITICAL: Unable to resolve the source file for 'frontend/Magebit/learning/en_US/underscore-umd.js.map' [] []
[2025-01-23T12:54:50.791940+00:00] main.ERROR: Unable to resolve the source file for 'frontend/Magebit/learning/en_US/vimeo/player.js.map' [] []
[2025-01-23T12:54:50.792117+00:00] main.CRITICAL: Unable to resolve the source file for 'frontend/Magebit/learning/en_US/vimeo/player.js.map' [] []
[2025-01-23T13:04:49.850073+00:00] main.DEBUG: cache_invalidate:  {"method":"GET","url":"http:/","invalidateInfo":{"identifier":"INTEGRITY_base"}} []
[2025-01-23T13:04:49.850202+00:00] main.DEBUG: cache_invalidate:  {"method":"GET","url":"http:/","invalidateInfo":{"identifier":"INTEGRITY_frontend"}} []
[2025-01-23T13:04:49.850252+00:00] main.DEBUG: cache_invalidate:  {"method":"GET","url":"http:/","invalidateInfo":{"identifier":"INTEGRITY_adminhtml"}} []
[2025-01-23T13:04:52.977574+00:00] main.DEBUG: cache_invalidate:  {"method":"GET","url":"http:/","invalidateInfo":{"tags":["FPC"],"mode":"matchingTag"}} []
[2025-01-23T13:04:58.913697+00:00] main.INFO: Broken reference: the 'catalog.compare.sidebar' element cannot be added as child to 'sidebar.additional', because the latter doesn't exist [] []
[2025-01-23T13:04:58.913837+00:00] main.INFO: Broken reference: the 'sale.reorder.sidebar' element cannot be added as child to 'sidebar.additional', because the latter doesn't exist [] []
[2025-01-23T13:04:58.913925+00:00] main.INFO: Broken reference: the 'wishlist_sidebar' element cannot be added as child to 'sidebar.additional', because the latter doesn't exist [] []
[2025-01-23T13:04:58.914220+00:00] main.INFO: Broken reference: the 'product.info.related' tries to reorder itself towards 'product.info.', but their parents are different: 'content' and '' respectively. [] []
[2025-01-23T13:04:59.326318+00:00] main.ERROR: Unable to resolve the source file for 'frontend/Magebit/learning/en_US/underscore-umd.js.map' [] []
[2025-01-23T13:04:59.326442+00:00] main.CRITICAL: Unable to resolve the source file for 'frontend/Magebit/learning/en_US/underscore-umd.js.map' [] []
[2025-01-23T13:04:59.684807+00:00] main.ERROR: Unable to resolve the source file for 'frontend/Magebit/learning/en_US/vimeo/player.js.map' [] []
[2025-01-23T13:04:59.684982+00:00] main.CRITICAL: Unable to resolve the source file for 'frontend/Magebit/learning/en_US/vimeo/player.js.map' [] []
[2025-01-23T13:06:27.035766+00:00] main.ERROR: Unable to resolve the source file for 'frontend/Magebit/learning/en_US/underscore-umd.js.map' [] []
[2025-01-23T13:06:27.036139+00:00] main.CRITICAL: Unable to resolve the source file for 'frontend/Magebit/learning/en_US/underscore-umd.js.map' [] []
[2025-01-23T13:06:27.336882+00:00] main.ERROR: Unable to resolve the source file for 'frontend/Magebit/learning/en_US/vimeo/player.js.map' [] []
[2025-01-23T13:06:27.337029+00:00] main.CRITICAL: Unable to resolve the source file for 'frontend/Magebit/learning/en_US/vimeo/player.js.map' [] []
[2025-01-23T13:06:30.118188+00:00] main.ERROR: Unable to resolve the source file for 'frontend/Magebit/learning/en_US/underscore-umd.js.map' [] []
[2025-01-23T13:06:30.118339+00:00] main.CRITICAL: Unable to resolve the source file for 'frontend/Magebit/learning/en_US/underscore-umd.js.map' [] []
[2025-01-23T13:06:30.517013+00:00] main.ERROR: Unable to resolve the source file for 'frontend/Magebit/learning/en_US/vimeo/player.js.map' [] []
[2025-01-23T13:06:30.517150+00:00] main.CRITICAL: Unable to resolve the source file for 'frontend/Magebit/learning/en_US/vimeo/player.js.map' [] []
[2025-01-23T13:07:06.816568+00:00] main.INFO: Broken reference: the 'catalog.compare.sidebar' element cannot be added as child to 'sidebar.additional', because the latter doesn't exist [] []
[2025-01-23T13:07:06.816689+00:00] main.INFO: Broken reference: the 'sale.reorder.sidebar' element cannot be added as child to 'sidebar.additional', because the latter doesn't exist [] []
[2025-01-23T13:07:06.816780+00:00] main.INFO: Broken reference: the 'wishlist_sidebar' element cannot be added as child to 'sidebar.additional', because the latter doesn't exist [] []
[2025-01-23T13:07:06.816834+00:00] main.INFO: Broken reference: the 'paypal.partner.right.logo' element cannot be added as child to 'sidebar.additional', because the latter doesn't exist [] []
[2025-01-23T13:07:06.816863+00:00] main.INFO: Broken reference: the 'bml.right.logo' element cannot be added as child to 'sidebar.additional', because the latter doesn't exist [] []
[2025-01-23T13:07:06.816891+00:00] main.INFO: Broken reference: the 'sidebar.container.paylater' element cannot be added as child to 'sidebar.additional', because the latter doesn't exist [] []
[2025-01-23T13:10:12.106545+00:00] main.INFO: Broken reference: the 'catalog.compare.sidebar' element cannot be added as child to 'sidebar.additional', because the latter doesn't exist [] []
[2025-01-23T13:10:12.106660+00:00] main.INFO: Broken reference: the 'sale.reorder.sidebar' element cannot be added as child to 'sidebar.additional', because the latter doesn't exist [] []
[2025-01-23T13:10:12.106744+00:00] main.INFO: Broken reference: the 'wishlist_sidebar' element cannot be added as child to 'sidebar.additional', because the latter doesn't exist [] []
[2025-01-23T13:22:59.870791+00:00] main.DEBUG: cache_invalidate:  {"method":"GET","url":"http:/","invalidateInfo":{"identifier":"INTEGRITY_base"}} []
[2025-01-23T13:22:59.870914+00:00] main.DEBUG: cache_invalidate:  {"method":"GET","url":"http:/","invalidateInfo":{"identifier":"INTEGRITY_frontend"}} []
[2025-01-23T13:22:59.870964+00:00] main.DEBUG: cache_invalidate:  {"method":"GET","url":"http:/","invalidateInfo":{"identifier":"INTEGRITY_adminhtml"}} []
[2025-01-23T13:23:02.852969+00:00] main.DEBUG: cache_invalidate:  {"method":"GET","url":"http:/","invalidateInfo":{"tags":["FPC"],"mode":"matchingTag"}} []
[2025-01-23T13:23:09.367583+00:00] main.INFO: Broken reference: the 'catalog.compare.sidebar' element cannot be added as child to 'sidebar.additional', because the latter doesn't exist [] []
[2025-01-23T13:23:09.367712+00:00] main.INFO: Broken reference: the 'sale.reorder.sidebar' element cannot be added as child to 'sidebar.additional', because the latter doesn't exist [] []
[2025-01-23T13:23:09.367804+00:00] main.INFO: Broken reference: the 'wishlist_sidebar' element cannot be added as child to 'sidebar.additional', because the latter doesn't exist [] []
[2025-01-23T13:23:09.368089+00:00] main.INFO: Broken reference: the 'product.info.related' tries to reorder itself towards 'product.info.', but their parents are different: 'content' and '' respectively. [] []
[2025-01-23T13:23:37.624940+00:00] main.ERROR: Unable to resolve the source file for 'frontend/Magebit/learning/en_US/underscore-umd.js.map' [] []
[2025-01-23T13:23:37.625196+00:00] main.CRITICAL: Unable to resolve the source file for 'frontend/Magebit/learning/en_US/underscore-umd.js.map' [] []
[2025-01-23T13:23:37.653656+00:00] main.ERROR: Unable to resolve the source file for 'frontend/Magebit/learning/en_US/vimeo/player.js.map' [] []
[2025-01-23T13:23:37.653850+00:00] main.CRITICAL: Unable to resolve the source file for 'frontend/Magebit/learning/en_US/vimeo/player.js.map' [] []
[2025-01-23T13:23:55.286246+00:00] main.DEBUG: cache_invalidate:  {"method":"GET","url":"http:/","invalidateInfo":{"identifier":"INTEGRITY_base"}} []
[2025-01-23T13:23:55.286365+00:00] main.DEBUG: cache_invalidate:  {"method":"GET","url":"http:/","invalidateInfo":{"identifier":"INTEGRITY_frontend"}} []
[2025-01-23T13:23:55.286416+00:00] main.DEBUG: cache_invalidate:  {"method":"GET","url":"http:/","invalidateInfo":{"identifier":"INTEGRITY_adminhtml"}} []
[2025-01-23T13:24:08.862310+00:00] main.DEBUG: cache_invalidate:  {"method":"GET","url":"http:/","invalidateInfo":{"tags":["FPC"],"mode":"matchingTag"}} []
[2025-01-23T13:24:14.706727+00:00] main.DEBUG: cache_invalidate:  {"method":"GET","url":"http:/","invalidateInfo":{"identifier":"INTEGRITY_base"}} []
[2025-01-23T13:24:14.706927+00:00] main.DEBUG: cache_invalidate:  {"method":"GET","url":"http:/","invalidateInfo":{"identifier":"INTEGRITY_frontend"}} []
[2025-01-23T13:24:14.706980+00:00] main.DEBUG: cache_invalidate:  {"method":"GET","url":"http:/","invalidateInfo":{"identifier":"INTEGRITY_adminhtml"}} []
[2025-01-23T13:24:26.764636+00:00] main.DEBUG: cache_invalidate:  {"method":"GET","url":"http:/","invalidateInfo":{"identifier":"INTEGRITY_base"}} []
[2025-01-23T13:24:26.764830+00:00] main.DEBUG: cache_invalidate:  {"method":"GET","url":"http:/","invalidateInfo":{"identifier":"INTEGRITY_frontend"}} []
[2025-01-23T13:24:26.764906+00:00] main.DEBUG: cache_invalidate:  {"method":"GET","url":"http:/","invalidateInfo":{"identifier":"INTEGRITY_adminhtml"}} []
[2025-01-23T13:24:29.862976+00:00] main.DEBUG: cache_invalidate:  {"method":"GET","url":"http:/","invalidateInfo":{"tags":["FPC"],"mode":"matchingTag"}} []
[2025-01-23T13:27:58.427948+00:00] main.DEBUG: cache_invalidate:  {"method":"GET","url":"http:/","invalidateInfo":{"identifier":"INTEGRITY_base"}} []
[2025-01-23T13:27:58.428082+00:00] main.DEBUG: cache_invalidate:  {"method":"GET","url":"http:/","invalidateInfo":{"identifier":"INTEGRITY_frontend"}} []
[2025-01-23T13:27:58.428129+00:00] main.DEBUG: cache_invalidate:  {"method":"GET","url":"http:/","invalidateInfo":{"identifier":"INTEGRITY_adminhtml"}} []
[2025-01-23T13:28:09.436771+00:00] main.DEBUG: cache_invalidate:  {"method":"GET","url":"http:/","invalidateInfo":{"tags":["FPC"],"mode":"matchingTag"}} []
[2025-01-23T13:41:26.718098+00:00] main.INFO: Broken reference: the 'catalog.compare.sidebar' element cannot be added as child to 'sidebar.additional', because the latter doesn't exist [] []
[2025-01-23T13:41:26.718217+00:00] main.INFO: Broken reference: the 'sale.reorder.sidebar' element cannot be added as child to 'sidebar.additional', because the latter doesn't exist [] []
[2025-01-23T13:41:26.718294+00:00] main.INFO: Broken reference: the 'wishlist_sidebar' element cannot be added as child to 'sidebar.additional', because the latter doesn't exist [] []
[2025-01-23T13:41:35.108095+00:00] main.INFO: Broken reference: the 'catalog.compare.sidebar' element cannot be added as child to 'sidebar.additional', because the latter doesn't exist [] []
[2025-01-23T13:41:35.108322+00:00] main.INFO: Broken reference: the 'sale.reorder.sidebar' element cannot be added as child to 'sidebar.additional', because the latter doesn't exist [] []
[2025-01-23T13:41:35.108492+00:00] main.INFO: Broken reference: the 'wishlist_sidebar' element cannot be added as child to 'sidebar.additional', because the latter doesn't exist [] []
[2025-01-23T13:41:35.109080+00:00] main.INFO: Broken reference: the 'product.info.related' tries to reorder itself towards 'product.info.', but their parents are different: 'content' and '' respectively. [] []
[2025-01-23T13:41:42.422948+00:00] main.INFO: Broken reference: the 'catalog.compare.sidebar' element cannot be added as child to 'sidebar.additional', because the latter doesn't exist [] []
[2025-01-23T13:41:42.423079+00:00] main.INFO: Broken reference: the 'sale.reorder.sidebar' element cannot be added as child to 'sidebar.additional', because the latter doesn't exist [] []
[2025-01-23T13:41:42.423187+00:00] main.INFO: Broken reference: the 'wishlist_sidebar' element cannot be added as child to 'sidebar.additional', because the latter doesn't exist [] []
[2025-01-23T13:41:42.423506+00:00] main.INFO: Broken reference: the 'product.info.related' tries to reorder itself towards 'product.info.', but their parents are different: 'content' and '' respectively. [] []
[2025-01-23T13:47:19.808945+00:00] main.INFO: Broken reference: the 'catalog.compare.sidebar' element cannot be added as child to 'sidebar.additional', because the latter doesn't exist [] []
[2025-01-23T13:47:19.809055+00:00] main.INFO: Broken reference: the 'sale.reorder.sidebar' element cannot be added as child to 'sidebar.additional', because the latter doesn't exist [] []
[2025-01-23T13:47:19.809129+00:00] main.INFO: Broken reference: the 'wishlist_sidebar' element cannot be added as child to 'sidebar.additional', because the latter doesn't exist [] []
[2025-01-23T13:47:19.809382+00:00] main.INFO: Broken reference: the 'product.info.related' tries to reorder itself towards 'product.info.', but their parents are different: 'content' and '' respectively. [] []
[2025-01-23T13:47:21.305641+00:00] main.INFO: Broken reference: the 'catalog.compare.sidebar' element cannot be added as child to 'sidebar.additional', because the latter doesn't exist [] []
[2025-01-23T13:47:21.305751+00:00] main.INFO: Broken reference: the 'sale.reorder.sidebar' element cannot be added as child to 'sidebar.additional', because the latter doesn't exist [] []
[2025-01-23T13:47:21.305829+00:00] main.INFO: Broken reference: the 'wishlist_sidebar' element cannot be added as child to 'sidebar.additional', because the latter doesn't exist [] []
[2025-01-23T13:47:21.306088+00:00] main.INFO: Broken reference: the 'product.info.related' tries to reorder itself towards 'product.info.', but their parents are different: 'content' and '' respectively. [] []
