[2025-01-27T09:20:56.654994+00:00] main.CRITICAL: Exception: Warning: Undefined property: Magebit\GridRender\Model\Post\DataProvider::$_logger in /var/www/magento/public/app/code/Magebit/GridRender/Model/Post/DataProvider.php on line 35 in /var/www/magento/public/vendor/magento/framework/App/ErrorHandler.php:62
Stack trace:
#0 /var/www/magento/public/app/code/Magebit/GridRender/Model/Post/DataProvider.php(35): Magento\Framework\App\ErrorHandler->handler()
#1 /var/www/magento/public/vendor/magento/module-ui/Component/Listing.php(38): Magebit\GridRender\Model\Post\DataProvider->getData()
#2 /var/www/magento/public/vendor/magento/framework/View/Element/UiComponent/Context.php(250): Magento\Ui\Component\Listing->getDataSourceData()
#3 /var/www/magento/public/vendor/magento/framework/View/Layout/Generic.php(75): Magento\Framework\View\Element\UiComponent\Context->getDataSourceData()
#4 /var/www/magento/public/vendor/magento/framework/View/Layout/Generator/Structure.php(46): Magento\Framework\View\Layout\Generic->build()
#5 /var/www/magento/public/vendor/magento/module-ui/TemplateEngine/Xhtml/Result.php(102): Magento\Framework\View\Layout\Generator\Structure->generate()
#6 /var/www/magento/public/vendor/magento/module-ui/TemplateEngine/Xhtml/Result.php(124): Magento\Ui\TemplateEngine\Xhtml\Result->appendLayoutConfiguration()
#7 /var/www/magento/public/vendor/magento/module-ui/Component/Wrapper/UiComponent.php(73): Magento\Ui\TemplateEngine\Xhtml\Result->__toString()
#8 /var/www/magento/public/vendor/magento/framework/View/Element/AbstractBlock.php(1128): Magento\Ui\Component\Wrapper\UiComponent->_toHtml()
#9 /var/www/magento/public/vendor/magento/framework/View/Element/AbstractBlock.php(1132): Magento\Framework\View\Element\AbstractBlock->Magento\Framework\View\Element\{closure}()
#10 /var/www/magento/public/vendor/magento/framework/View/Element/AbstractBlock.php(676): Magento\Framework\View\Element\AbstractBlock->_loadCache()
#11 /var/www/magento/public/vendor/magento/framework/View/Layout.php(591): Magento\Framework\View\Element\AbstractBlock->toHtml()
#12 /var/www/magento/public/vendor/magento/framework/View/Layout.php(553): Magento\Framework\View\Layout->_renderUiComponent()
#13 /var/www/magento/public/vendor/magento/framework/View/Layout.php(510): Magento\Framework\View\Layout->renderNonCachedElement()
#14 /var/www/magento/public/vendor/magento/framework/View/Layout.php(606): Magento\Framework\View\Layout->renderElement()
#15 /var/www/magento/public/vendor/magento/framework/View/Layout.php(557): Magento\Framework\View\Layout->_renderContainer()
#16 /var/www/magento/public/vendor/magento/framework/View/Layout.php(510): Magento\Framework\View\Layout->renderNonCachedElement()
#17 /var/www/magento/public/vendor/magento/framework/View/Layout.php(606): Magento\Framework\View\Layout->renderElement()
#18 /var/www/magento/public/vendor/magento/framework/View/Layout.php(557): Magento\Framework\View\Layout->_renderContainer()
#19 /var/www/magento/public/vendor/magento/framework/View/Layout.php(510): Magento\Framework\View\Layout->renderNonCachedElement()
#20 /var/www/magento/public/vendor/magento/framework/View/Layout.php(606): Magento\Framework\View\Layout->renderElement()
#21 /var/www/magento/public/vendor/magento/framework/View/Layout.php(557): Magento\Framework\View\Layout->_renderContainer()
#22 /var/www/magento/public/vendor/magento/framework/View/Layout.php(510): Magento\Framework\View\Layout->renderNonCachedElement()
#23 /var/www/magento/public/vendor/magento/framework/View/Layout.php(606): Magento\Framework\View\Layout->renderElement()
#24 /var/www/magento/public/vendor/magento/framework/View/Layout.php(557): Magento\Framework\View\Layout->_renderContainer()
#25 /var/www/magento/public/vendor/magento/framework/View/Layout.php(510): Magento\Framework\View\Layout->renderNonCachedElement()
#26 /var/www/magento/public/vendor/magento/framework/View/Layout.php(606): Magento\Framework\View\Layout->renderElement()
#27 /var/www/magento/public/vendor/magento/framework/View/Layout.php(557): Magento\Framework\View\Layout->_renderContainer()
#28 /var/www/magento/public/vendor/magento/framework/View/Layout.php(510): Magento\Framework\View\Layout->renderNonCachedElement()
#29 /var/www/magento/public/vendor/magento/framework/View/Layout.php(606): Magento\Framework\View\Layout->renderElement()
#30 /var/www/magento/public/vendor/magento/framework/View/Layout.php(557): Magento\Framework\View\Layout->_renderContainer()
#31 /var/www/magento/public/vendor/magento/framework/View/Layout.php(510): Magento\Framework\View\Layout->renderNonCachedElement()
#32 /var/www/magento/public/vendor/magento/framework/View/Layout.php(606): Magento\Framework\View\Layout->renderElement()
#33 /var/www/magento/public/vendor/magento/framework/View/Layout.php(557): Magento\Framework\View\Layout->_renderContainer()
#34 /var/www/magento/public/vendor/magento/framework/View/Layout.php(510): Magento\Framework\View\Layout->renderNonCachedElement()
#35 /var/www/magento/public/vendor/magento/framework/View/Layout.php(606): Magento\Framework\View\Layout->renderElement()
#36 /var/www/magento/public/vendor/magento/framework/View/Layout.php(557): Magento\Framework\View\Layout->_renderContainer()
#37 /var/www/magento/public/vendor/magento/framework/View/Layout.php(510): Magento\Framework\View\Layout->renderNonCachedElement()
#38 /var/www/magento/public/vendor/magento/framework/View/Layout.php(975): Magento\Framework\View\Layout->renderElement()
#39 /var/www/magento/public/generated/code/Magento/Framework/View/Layout/Interceptor.php(41): Magento\Framework\View\Layout->getOutput()
#40 /var/www/magento/public/vendor/magento/framework/View/Result/Page.php(260): Magento\Framework\View\Layout\Interceptor->getOutput()
#41 /var/www/magento/public/vendor/magento/framework/View/Result/Layout.php(171): Magento\Framework\View\Result\Page->render()
#42 /var/www/magento/public/generated/code/Magento/Backend/Model/View/Result/Page/Interceptor.php(32): Magento\Framework\View\Result\Layout->renderResult()
#43 /var/www/magento/public/vendor/magento/framework/App/Http.php(120): Magento\Backend\Model\View\Result\Page\Interceptor->renderResult()
#44 /var/www/magento/public/vendor/magento/framework/Interception/Interceptor.php(58): Magento\Framework\App\Http->launch()
#45 /var/www/magento/public/vendor/magento/framework/Interception/Interceptor.php(138): Magento\Framework\App\Http\Interceptor->___callParent()
#46 /var/www/magento/public/vendor/magento/module-application-performance-monitor/Plugin/ApplicationPerformanceMonitor.php(38): Magento\Framework\App\Http\Interceptor->Magento\Framework\Interception\{closure}()
#47 /var/www/magento/public/vendor/magento/framework/Interception/Interceptor.php(135): Magento\ApplicationPerformanceMonitor\Plugin\ApplicationPerformanceMonitor->aroundLaunch()
#48 /var/www/magento/public/vendor/magento/framework/Interception/Interceptor.php(153): Magento\Framework\App\Http\Interceptor->Magento\Framework\Interception\{closure}()
#49 /var/www/magento/public/generated/code/Magento/Framework/App/Http/Interceptor.php(23): Magento\Framework\App\Http\Interceptor->___callPlugins()
#50 /var/www/magento/public/vendor/magento/framework/App/Bootstrap.php(264): Magento\Framework\App\Http\Interceptor->launch()
#51 /var/www/magento/public/pub/index.php(30): Magento\Framework\App\Bootstrap->run()
#52 {main} {"exception":"[object] (Exception(code: 0): Warning: Undefined property: Magebit\\GridRender\\Model\\Post\\DataProvider::$_logger in /var/www/magento/public/app/code/Magebit/GridRender/Model/Post/DataProvider.php on line 35 at /var/www/magento/public/vendor/magento/framework/App/ErrorHandler.php:62)"} []
[2025-01-27T09:45:17.475873+00:00] main.CRITICAL: Error: Call to a member function getData() on null in /var/www/magento/public/vendor/magento/module-ui/Component/Listing.php:38
Stack trace:
#0 /var/www/magento/public/vendor/magento/framework/View/Element/UiComponent/Context.php(250): Magento\Ui\Component\Listing->getDataSourceData()
#1 /var/www/magento/public/vendor/magento/framework/View/Layout/Generic.php(75): Magento\Framework\View\Element\UiComponent\Context->getDataSourceData()
#2 /var/www/magento/public/vendor/magento/framework/View/Layout/Generator/Structure.php(46): Magento\Framework\View\Layout\Generic->build()
#3 /var/www/magento/public/vendor/magento/module-ui/TemplateEngine/Xhtml/Result.php(102): Magento\Framework\View\Layout\Generator\Structure->generate()
#4 /var/www/magento/public/vendor/magento/module-ui/TemplateEngine/Xhtml/Result.php(124): Magento\Ui\TemplateEngine\Xhtml\Result->appendLayoutConfiguration()
#5 /var/www/magento/public/vendor/magento/module-ui/Component/Wrapper/UiComponent.php(73): Magento\Ui\TemplateEngine\Xhtml\Result->__toString()
#6 /var/www/magento/public/vendor/magento/framework/View/Element/AbstractBlock.php(1128): Magento\Ui\Component\Wrapper\UiComponent->_toHtml()
#7 /var/www/magento/public/vendor/magento/framework/View/Element/AbstractBlock.php(1132): Magento\Framework\View\Element\AbstractBlock->Magento\Framework\View\Element\{closure}()
#8 /var/www/magento/public/vendor/magento/framework/View/Element/AbstractBlock.php(676): Magento\Framework\View\Element\AbstractBlock->_loadCache()
#9 /var/www/magento/public/vendor/magento/framework/View/Layout.php(591): Magento\Framework\View\Element\AbstractBlock->toHtml()
#10 /var/www/magento/public/vendor/magento/framework/View/Layout.php(553): Magento\Framework\View\Layout->_renderUiComponent()
#11 /var/www/magento/public/generated/code/Magento/Framework/View/Layout/Interceptor.php(149): Magento\Framework\View\Layout->renderNonCachedElement()
#12 /var/www/magento/public/vendor/magento/framework/View/Layout.php(510): Magento\Framework\View\Layout\Interceptor->renderNonCachedElement()
#13 /var/www/magento/public/generated/code/Magento/Framework/View/Layout/Interceptor.php(140): Magento\Framework\View\Layout->renderElement()
#14 /var/www/magento/public/vendor/magento/framework/View/Layout.php(606): Magento\Framework\View\Layout\Interceptor->renderElement()
#15 /var/www/magento/public/vendor/magento/framework/View/Layout.php(557): Magento\Framework\View\Layout->_renderContainer()
#16 /var/www/magento/public/generated/code/Magento/Framework/View/Layout/Interceptor.php(149): Magento\Framework\View\Layout->renderNonCachedElement()
#17 /var/www/magento/public/vendor/magento/framework/View/Layout.php(510): Magento\Framework\View\Layout\Interceptor->renderNonCachedElement()
#18 /var/www/magento/public/generated/code/Magento/Framework/View/Layout/Interceptor.php(140): Magento\Framework\View\Layout->renderElement()
#19 /var/www/magento/public/vendor/magento/framework/View/Layout.php(606): Magento\Framework\View\Layout\Interceptor->renderElement()
#20 /var/www/magento/public/vendor/magento/framework/View/Layout.php(557): Magento\Framework\View\Layout->_renderContainer()
#21 /var/www/magento/public/generated/code/Magento/Framework/View/Layout/Interceptor.php(149): Magento\Framework\View\Layout->renderNonCachedElement()
#22 /var/www/magento/public/vendor/magento/framework/View/Layout.php(510): Magento\Framework\View\Layout\Interceptor->renderNonCachedElement()
#23 /var/www/magento/public/generated/code/Magento/Framework/View/Layout/Interceptor.php(140): Magento\Framework\View\Layout->renderElement()
#24 /var/www/magento/public/vendor/magento/framework/View/Layout.php(606): Magento\Framework\View\Layout\Interceptor->renderElement()
#25 /var/www/magento/public/vendor/magento/framework/View/Layout.php(557): Magento\Framework\View\Layout->_renderContainer()
#26 /var/www/magento/public/generated/code/Magento/Framework/View/Layout/Interceptor.php(149): Magento\Framework\View\Layout->renderNonCachedElement()
#27 /var/www/magento/public/vendor/magento/framework/View/Layout.php(510): Magento\Framework\View\Layout\Interceptor->renderNonCachedElement()
#28 /var/www/magento/public/generated/code/Magento/Framework/View/Layout/Interceptor.php(140): Magento\Framework\View\Layout->renderElement()
#29 /var/www/magento/public/vendor/magento/framework/View/Layout.php(606): Magento\Framework\View\Layout\Interceptor->renderElement()
#30 /var/www/magento/public/vendor/magento/framework/View/Layout.php(557): Magento\Framework\View\Layout->_renderContainer()
#31 /var/www/magento/public/generated/code/Magento/Framework/View/Layout/Interceptor.php(149): Magento\Framework\View\Layout->renderNonCachedElement()
#32 /var/www/magento/public/vendor/magento/framework/View/Layout.php(510): Magento\Framework\View\Layout\Interceptor->renderNonCachedElement()
#33 /var/www/magento/public/generated/code/Magento/Framework/View/Layout/Interceptor.php(140): Magento\Framework\View\Layout->renderElement()
#34 /var/www/magento/public/vendor/magento/framework/View/Layout.php(606): Magento\Framework\View\Layout\Interceptor->renderElement()
#35 /var/www/magento/public/vendor/magento/framework/View/Layout.php(557): Magento\Framework\View\Layout->_renderContainer()
#36 /var/www/magento/public/generated/code/Magento/Framework/View/Layout/Interceptor.php(149): Magento\Framework\View\Layout->renderNonCachedElement()
#37 /var/www/magento/public/vendor/magento/framework/View/Layout.php(510): Magento\Framework\View\Layout\Interceptor->renderNonCachedElement()
#38 /var/www/magento/public/generated/code/Magento/Framework/View/Layout/Interceptor.php(140): Magento\Framework\View\Layout->renderElement()
#39 /var/www/magento/public/vendor/magento/framework/View/Layout.php(606): Magento\Framework\View\Layout\Interceptor->renderElement()
#40 /var/www/magento/public/vendor/magento/framework/View/Layout.php(557): Magento\Framework\View\Layout->_renderContainer()
#41 /var/www/magento/public/generated/code/Magento/Framework/View/Layout/Interceptor.php(149): Magento\Framework\View\Layout->renderNonCachedElement()
#42 /var/www/magento/public/vendor/magento/framework/View/Layout.php(510): Magento\Framework\View\Layout\Interceptor->renderNonCachedElement()
#43 /var/www/magento/public/generated/code/Magento/Framework/View/Layout/Interceptor.php(140): Magento\Framework\View\Layout->renderElement()
#44 /var/www/magento/public/vendor/magento/framework/View/Layout.php(606): Magento\Framework\View\Layout\Interceptor->renderElement()
#45 /var/www/magento/public/vendor/magento/framework/View/Layout.php(557): Magento\Framework\View\Layout->_renderContainer()
#46 /var/www/magento/public/generated/code/Magento/Framework/View/Layout/Interceptor.php(149): Magento\Framework\View\Layout->renderNonCachedElement()
#47 /var/www/magento/public/vendor/magento/framework/View/Layout.php(510): Magento\Framework\View\Layout\Interceptor->renderNonCachedElement()
#48 /var/www/magento/public/generated/code/Magento/Framework/View/Layout/Interceptor.php(140): Magento\Framework\View\Layout->renderElement()
#49 /var/www/magento/public/vendor/magento/framework/View/Layout.php(606): Magento\Framework\View\Layout\Interceptor->renderElement()
#50 /var/www/magento/public/vendor/magento/framework/View/Layout.php(557): Magento\Framework\View\Layout->_renderContainer()
#51 /var/www/magento/public/generated/code/Magento/Framework/View/Layout/Interceptor.php(149): Magento\Framework\View\Layout->renderNonCachedElement()
#52 /var/www/magento/public/vendor/magento/framework/View/Layout.php(510): Magento\Framework\View\Layout\Interceptor->renderNonCachedElement()
#53 /var/www/magento/public/generated/code/Magento/Framework/View/Layout/Interceptor.php(140): Magento\Framework\View\Layout->renderElement()
#54 /var/www/magento/public/vendor/magento/framework/View/Layout.php(975): Magento\Framework\View\Layout\Interceptor->renderElement()
#55 /var/www/magento/public/generated/code/Magento/Framework/View/Layout/Interceptor.php(347): Magento\Framework\View\Layout->getOutput()
#56 /var/www/magento/public/vendor/magento/framework/View/Result/Page.php(260): Magento\Framework\View\Layout\Interceptor->getOutput()
#57 /var/www/magento/public/vendor/magento/framework/View/Result/Layout.php(171): Magento\Framework\View\Result\Page->render()
#58 /var/www/magento/public/generated/code/Magento/Backend/Model/View/Result/Page/Interceptor.php(140): Magento\Framework\View\Result\Layout->renderResult()
#59 /var/www/magento/public/vendor/magento/framework/App/Http.php(120): Magento\Backend\Model\View\Result\Page\Interceptor->renderResult()
#60 /var/www/magento/public/vendor/magento/framework/Interception/Interceptor.php(58): Magento\Framework\App\Http->launch()
#61 /var/www/magento/public/vendor/magento/framework/Interception/Interceptor.php(138): Magento\Framework\App\Http\Interceptor->___callParent()
#62 /var/www/magento/public/vendor/magento/module-application-performance-monitor/Plugin/ApplicationPerformanceMonitor.php(38): Magento\Framework\App\Http\Interceptor->Magento\Framework\Interception\{closure}()
#63 /var/www/magento/public/vendor/magento/framework/Interception/Interceptor.php(135): Magento\ApplicationPerformanceMonitor\Plugin\ApplicationPerformanceMonitor->aroundLaunch()
#64 /var/www/magento/public/vendor/magento/framework/Interception/Interceptor.php(153): Magento\Framework\App\Http\Interceptor->Magento\Framework\Interception\{closure}()
#65 /var/www/magento/public/generated/code/Magento/Framework/App/Http/Interceptor.php(23): Magento\Framework\App\Http\Interceptor->___callPlugins()
#66 /var/www/magento/public/vendor/magento/framework/App/Bootstrap.php(264): Magento\Framework\App\Http\Interceptor->launch()
#67 /var/www/magento/public/pub/index.php(30): Magento\Framework\App\Bootstrap->run()
#68 {main} {"exception":"[object] (Error(code: 0): Call to a member function getData() on null at /var/www/magento/public/vendor/magento/module-ui/Component/Listing.php:38)"} []
[2025-01-27T09:46:29.414817+00:00] main.CRITICAL: Error: Call to a member function getData() on null in /var/www/magento/public/vendor/magento/module-ui/Component/Listing.php:38
Stack trace:
#0 /var/www/magento/public/vendor/magento/framework/View/Element/UiComponent/Context.php(250): Magento\Ui\Component\Listing->getDataSourceData()
#1 /var/www/magento/public/vendor/magento/framework/View/Layout/Generic.php(75): Magento\Framework\View\Element\UiComponent\Context->getDataSourceData()
#2 /var/www/magento/public/vendor/magento/framework/View/Layout/Generator/Structure.php(46): Magento\Framework\View\Layout\Generic->build()
#3 /var/www/magento/public/vendor/magento/module-ui/TemplateEngine/Xhtml/Result.php(102): Magento\Framework\View\Layout\Generator\Structure->generate()
#4 /var/www/magento/public/vendor/magento/module-ui/TemplateEngine/Xhtml/Result.php(124): Magento\Ui\TemplateEngine\Xhtml\Result->appendLayoutConfiguration()
#5 /var/www/magento/public/vendor/magento/module-ui/Component/Wrapper/UiComponent.php(73): Magento\Ui\TemplateEngine\Xhtml\Result->__toString()
#6 /var/www/magento/public/vendor/magento/framework/View/Element/AbstractBlock.php(1128): Magento\Ui\Component\Wrapper\UiComponent->_toHtml()
#7 /var/www/magento/public/vendor/magento/framework/View/Element/AbstractBlock.php(1132): Magento\Framework\View\Element\AbstractBlock->Magento\Framework\View\Element\{closure}()
#8 /var/www/magento/public/vendor/magento/framework/View/Element/AbstractBlock.php(676): Magento\Framework\View\Element\AbstractBlock->_loadCache()
#9 /var/www/magento/public/vendor/magento/framework/View/Layout.php(591): Magento\Framework\View\Element\AbstractBlock->toHtml()
#10 /var/www/magento/public/vendor/magento/framework/View/Layout.php(553): Magento\Framework\View\Layout->_renderUiComponent()
#11 /var/www/magento/public/generated/code/Magento/Framework/View/Layout/Interceptor.php(149): Magento\Framework\View\Layout->renderNonCachedElement()
#12 /var/www/magento/public/vendor/magento/framework/View/Layout.php(510): Magento\Framework\View\Layout\Interceptor->renderNonCachedElement()
#13 /var/www/magento/public/generated/code/Magento/Framework/View/Layout/Interceptor.php(140): Magento\Framework\View\Layout->renderElement()
#14 /var/www/magento/public/vendor/magento/framework/View/Layout.php(606): Magento\Framework\View\Layout\Interceptor->renderElement()
#15 /var/www/magento/public/vendor/magento/framework/View/Layout.php(557): Magento\Framework\View\Layout->_renderContainer()
#16 /var/www/magento/public/generated/code/Magento/Framework/View/Layout/Interceptor.php(149): Magento\Framework\View\Layout->renderNonCachedElement()
#17 /var/www/magento/public/vendor/magento/framework/View/Layout.php(510): Magento\Framework\View\Layout\Interceptor->renderNonCachedElement()
#18 /var/www/magento/public/generated/code/Magento/Framework/View/Layout/Interceptor.php(140): Magento\Framework\View\Layout->renderElement()
#19 /var/www/magento/public/vendor/magento/framework/View/Layout.php(606): Magento\Framework\View\Layout\Interceptor->renderElement()
#20 /var/www/magento/public/vendor/magento/framework/View/Layout.php(557): Magento\Framework\View\Layout->_renderContainer()
#21 /var/www/magento/public/generated/code/Magento/Framework/View/Layout/Interceptor.php(149): Magento\Framework\View\Layout->renderNonCachedElement()
#22 /var/www/magento/public/vendor/magento/framework/View/Layout.php(510): Magento\Framework\View\Layout\Interceptor->renderNonCachedElement()
#23 /var/www/magento/public/generated/code/Magento/Framework/View/Layout/Interceptor.php(140): Magento\Framework\View\Layout->renderElement()
#24 /var/www/magento/public/vendor/magento/framework/View/Layout.php(606): Magento\Framework\View\Layout\Interceptor->renderElement()
#25 /var/www/magento/public/vendor/magento/framework/View/Layout.php(557): Magento\Framework\View\Layout->_renderContainer()
#26 /var/www/magento/public/generated/code/Magento/Framework/View/Layout/Interceptor.php(149): Magento\Framework\View\Layout->renderNonCachedElement()
#27 /var/www/magento/public/vendor/magento/framework/View/Layout.php(510): Magento\Framework\View\Layout\Interceptor->renderNonCachedElement()
#28 /var/www/magento/public/generated/code/Magento/Framework/View/Layout/Interceptor.php(140): Magento\Framework\View\Layout->renderElement()
#29 /var/www/magento/public/vendor/magento/framework/View/Layout.php(606): Magento\Framework\View\Layout\Interceptor->renderElement()
#30 /var/www/magento/public/vendor/magento/framework/View/Layout.php(557): Magento\Framework\View\Layout->_renderContainer()
#31 /var/www/magento/public/generated/code/Magento/Framework/View/Layout/Interceptor.php(149): Magento\Framework\View\Layout->renderNonCachedElement()
#32 /var/www/magento/public/vendor/magento/framework/View/Layout.php(510): Magento\Framework\View\Layout\Interceptor->renderNonCachedElement()
#33 /var/www/magento/public/generated/code/Magento/Framework/View/Layout/Interceptor.php(140): Magento\Framework\View\Layout->renderElement()
#34 /var/www/magento/public/vendor/magento/framework/View/Layout.php(606): Magento\Framework\View\Layout\Interceptor->renderElement()
#35 /var/www/magento/public/vendor/magento/framework/View/Layout.php(557): Magento\Framework\View\Layout->_renderContainer()
#36 /var/www/magento/public/generated/code/Magento/Framework/View/Layout/Interceptor.php(149): Magento\Framework\View\Layout->renderNonCachedElement()
#37 /var/www/magento/public/vendor/magento/framework/View/Layout.php(510): Magento\Framework\View\Layout\Interceptor->renderNonCachedElement()
#38 /var/www/magento/public/generated/code/Magento/Framework/View/Layout/Interceptor.php(140): Magento\Framework\View\Layout->renderElement()
#39 /var/www/magento/public/vendor/magento/framework/View/Layout.php(606): Magento\Framework\View\Layout\Interceptor->renderElement()
#40 /var/www/magento/public/vendor/magento/framework/View/Layout.php(557): Magento\Framework\View\Layout->_renderContainer()
#41 /var/www/magento/public/generated/code/Magento/Framework/View/Layout/Interceptor.php(149): Magento\Framework\View\Layout->renderNonCachedElement()
#42 /var/www/magento/public/vendor/magento/framework/View/Layout.php(510): Magento\Framework\View\Layout\Interceptor->renderNonCachedElement()
#43 /var/www/magento/public/generated/code/Magento/Framework/View/Layout/Interceptor.php(140): Magento\Framework\View\Layout->renderElement()
#44 /var/www/magento/public/vendor/magento/framework/View/Layout.php(606): Magento\Framework\View\Layout\Interceptor->renderElement()
#45 /var/www/magento/public/vendor/magento/framework/View/Layout.php(557): Magento\Framework\View\Layout->_renderContainer()
#46 /var/www/magento/public/generated/code/Magento/Framework/View/Layout/Interceptor.php(149): Magento\Framework\View\Layout->renderNonCachedElement()
#47 /var/www/magento/public/vendor/magento/framework/View/Layout.php(510): Magento\Framework\View\Layout\Interceptor->renderNonCachedElement()
#48 /var/www/magento/public/generated/code/Magento/Framework/View/Layout/Interceptor.php(140): Magento\Framework\View\Layout->renderElement()
#49 /var/www/magento/public/vendor/magento/framework/View/Layout.php(606): Magento\Framework\View\Layout\Interceptor->renderElement()
#50 /var/www/magento/public/vendor/magento/framework/View/Layout.php(557): Magento\Framework\View\Layout->_renderContainer()
#51 /var/www/magento/public/generated/code/Magento/Framework/View/Layout/Interceptor.php(149): Magento\Framework\View\Layout->renderNonCachedElement()
#52 /var/www/magento/public/vendor/magento/framework/View/Layout.php(510): Magento\Framework\View\Layout\Interceptor->renderNonCachedElement()
#53 /var/www/magento/public/generated/code/Magento/Framework/View/Layout/Interceptor.php(140): Magento\Framework\View\Layout->renderElement()
#54 /var/www/magento/public/vendor/magento/framework/View/Layout.php(975): Magento\Framework\View\Layout\Interceptor->renderElement()
#55 /var/www/magento/public/generated/code/Magento/Framework/View/Layout/Interceptor.php(347): Magento\Framework\View\Layout->getOutput()
#56 /var/www/magento/public/vendor/magento/framework/View/Result/Page.php(260): Magento\Framework\View\Layout\Interceptor->getOutput()
#57 /var/www/magento/public/vendor/magento/framework/View/Result/Layout.php(171): Magento\Framework\View\Result\Page->render()
#58 /var/www/magento/public/generated/code/Magento/Backend/Model/View/Result/Page/Interceptor.php(140): Magento\Framework\View\Result\Layout->renderResult()
#59 /var/www/magento/public/vendor/magento/framework/App/Http.php(120): Magento\Backend\Model\View\Result\Page\Interceptor->renderResult()
#60 /var/www/magento/public/vendor/magento/framework/Interception/Interceptor.php(58): Magento\Framework\App\Http->launch()
#61 /var/www/magento/public/vendor/magento/framework/Interception/Interceptor.php(138): Magento\Framework\App\Http\Interceptor->___callParent()
#62 /var/www/magento/public/vendor/magento/module-application-performance-monitor/Plugin/ApplicationPerformanceMonitor.php(38): Magento\Framework\App\Http\Interceptor->Magento\Framework\Interception\{closure}()
#63 /var/www/magento/public/vendor/magento/framework/Interception/Interceptor.php(135): Magento\ApplicationPerformanceMonitor\Plugin\ApplicationPerformanceMonitor->aroundLaunch()
#64 /var/www/magento/public/vendor/magento/framework/Interception/Interceptor.php(153): Magento\Framework\App\Http\Interceptor->Magento\Framework\Interception\{closure}()
#65 /var/www/magento/public/generated/code/Magento/Framework/App/Http/Interceptor.php(23): Magento\Framework\App\Http\Interceptor->___callPlugins()
#66 /var/www/magento/public/vendor/magento/framework/App/Bootstrap.php(264): Magento\Framework\App\Http\Interceptor->launch()
#67 /var/www/magento/public/pub/index.php(30): Magento\Framework\App\Bootstrap->run()
#68 {main} {"exception":"[object] (Error(code: 0): Call to a member function getData() on null at /var/www/magento/public/vendor/magento/module-ui/Component/Listing.php:38)"} []
[2025-01-27T09:46:55.658032+00:00] main.CRITICAL: Error: Call to a member function getData() on null in /var/www/magento/public/vendor/magento/module-ui/Component/Listing.php:38
Stack trace:
#0 /var/www/magento/public/vendor/magento/framework/View/Element/UiComponent/Context.php(250): Magento\Ui\Component\Listing->getDataSourceData()
#1 /var/www/magento/public/vendor/magento/framework/View/Layout/Generic.php(75): Magento\Framework\View\Element\UiComponent\Context->getDataSourceData()
#2 /var/www/magento/public/vendor/magento/framework/View/Layout/Generator/Structure.php(46): Magento\Framework\View\Layout\Generic->build()
#3 /var/www/magento/public/vendor/magento/module-ui/TemplateEngine/Xhtml/Result.php(102): Magento\Framework\View\Layout\Generator\Structure->generate()
#4 /var/www/magento/public/vendor/magento/module-ui/TemplateEngine/Xhtml/Result.php(124): Magento\Ui\TemplateEngine\Xhtml\Result->appendLayoutConfiguration()
#5 /var/www/magento/public/vendor/magento/module-ui/Component/Wrapper/UiComponent.php(73): Magento\Ui\TemplateEngine\Xhtml\Result->__toString()
#6 /var/www/magento/public/vendor/magento/framework/View/Element/AbstractBlock.php(1128): Magento\Ui\Component\Wrapper\UiComponent->_toHtml()
#7 /var/www/magento/public/vendor/magento/framework/View/Element/AbstractBlock.php(1132): Magento\Framework\View\Element\AbstractBlock->Magento\Framework\View\Element\{closure}()
#8 /var/www/magento/public/vendor/magento/framework/View/Element/AbstractBlock.php(676): Magento\Framework\View\Element\AbstractBlock->_loadCache()
#9 /var/www/magento/public/vendor/magento/framework/View/Layout.php(591): Magento\Framework\View\Element\AbstractBlock->toHtml()
#10 /var/www/magento/public/vendor/magento/framework/View/Layout.php(553): Magento\Framework\View\Layout->_renderUiComponent()
#11 /var/www/magento/public/generated/code/Magento/Framework/View/Layout/Interceptor.php(149): Magento\Framework\View\Layout->renderNonCachedElement()
#12 /var/www/magento/public/vendor/magento/framework/View/Layout.php(510): Magento\Framework\View\Layout\Interceptor->renderNonCachedElement()
#13 /var/www/magento/public/generated/code/Magento/Framework/View/Layout/Interceptor.php(140): Magento\Framework\View\Layout->renderElement()
#14 /var/www/magento/public/vendor/magento/framework/View/Layout.php(606): Magento\Framework\View\Layout\Interceptor->renderElement()
#15 /var/www/magento/public/vendor/magento/framework/View/Layout.php(557): Magento\Framework\View\Layout->_renderContainer()
#16 /var/www/magento/public/generated/code/Magento/Framework/View/Layout/Interceptor.php(149): Magento\Framework\View\Layout->renderNonCachedElement()
#17 /var/www/magento/public/vendor/magento/framework/View/Layout.php(510): Magento\Framework\View\Layout\Interceptor->renderNonCachedElement()
#18 /var/www/magento/public/generated/code/Magento/Framework/View/Layout/Interceptor.php(140): Magento\Framework\View\Layout->renderElement()
#19 /var/www/magento/public/vendor/magento/framework/View/Layout.php(606): Magento\Framework\View\Layout\Interceptor->renderElement()
#20 /var/www/magento/public/vendor/magento/framework/View/Layout.php(557): Magento\Framework\View\Layout->_renderContainer()
#21 /var/www/magento/public/generated/code/Magento/Framework/View/Layout/Interceptor.php(149): Magento\Framework\View\Layout->renderNonCachedElement()
#22 /var/www/magento/public/vendor/magento/framework/View/Layout.php(510): Magento\Framework\View\Layout\Interceptor->renderNonCachedElement()
#23 /var/www/magento/public/generated/code/Magento/Framework/View/Layout/Interceptor.php(140): Magento\Framework\View\Layout->renderElement()
#24 /var/www/magento/public/vendor/magento/framework/View/Layout.php(606): Magento\Framework\View\Layout\Interceptor->renderElement()
#25 /var/www/magento/public/vendor/magento/framework/View/Layout.php(557): Magento\Framework\View\Layout->_renderContainer()
#26 /var/www/magento/public/generated/code/Magento/Framework/View/Layout/Interceptor.php(149): Magento\Framework\View\Layout->renderNonCachedElement()
#27 /var/www/magento/public/vendor/magento/framework/View/Layout.php(510): Magento\Framework\View\Layout\Interceptor->renderNonCachedElement()
#28 /var/www/magento/public/generated/code/Magento/Framework/View/Layout/Interceptor.php(140): Magento\Framework\View\Layout->renderElement()
#29 /var/www/magento/public/vendor/magento/framework/View/Layout.php(606): Magento\Framework\View\Layout\Interceptor->renderElement()
#30 /var/www/magento/public/vendor/magento/framework/View/Layout.php(557): Magento\Framework\View\Layout->_renderContainer()
#31 /var/www/magento/public/generated/code/Magento/Framework/View/Layout/Interceptor.php(149): Magento\Framework\View\Layout->renderNonCachedElement()
#32 /var/www/magento/public/vendor/magento/framework/View/Layout.php(510): Magento\Framework\View\Layout\Interceptor->renderNonCachedElement()
#33 /var/www/magento/public/generated/code/Magento/Framework/View/Layout/Interceptor.php(140): Magento\Framework\View\Layout->renderElement()
#34 /var/www/magento/public/vendor/magento/framework/View/Layout.php(606): Magento\Framework\View\Layout\Interceptor->renderElement()
#35 /var/www/magento/public/vendor/magento/framework/View/Layout.php(557): Magento\Framework\View\Layout->_renderContainer()
#36 /var/www/magento/public/generated/code/Magento/Framework/View/Layout/Interceptor.php(149): Magento\Framework\View\Layout->renderNonCachedElement()
#37 /var/www/magento/public/vendor/magento/framework/View/Layout.php(510): Magento\Framework\View\Layout\Interceptor->renderNonCachedElement()
#38 /var/www/magento/public/generated/code/Magento/Framework/View/Layout/Interceptor.php(140): Magento\Framework\View\Layout->renderElement()
#39 /var/www/magento/public/vendor/magento/framework/View/Layout.php(606): Magento\Framework\View\Layout\Interceptor->renderElement()
#40 /var/www/magento/public/vendor/magento/framework/View/Layout.php(557): Magento\Framework\View\Layout->_renderContainer()
#41 /var/www/magento/public/generated/code/Magento/Framework/View/Layout/Interceptor.php(149): Magento\Framework\View\Layout->renderNonCachedElement()
#42 /var/www/magento/public/vendor/magento/framework/View/Layout.php(510): Magento\Framework\View\Layout\Interceptor->renderNonCachedElement()
#43 /var/www/magento/public/generated/code/Magento/Framework/View/Layout/Interceptor.php(140): Magento\Framework\View\Layout->renderElement()
#44 /var/www/magento/public/vendor/magento/framework/View/Layout.php(606): Magento\Framework\View\Layout\Interceptor->renderElement()
#45 /var/www/magento/public/vendor/magento/framework/View/Layout.php(557): Magento\Framework\View\Layout->_renderContainer()
#46 /var/www/magento/public/generated/code/Magento/Framework/View/Layout/Interceptor.php(149): Magento\Framework\View\Layout->renderNonCachedElement()
#47 /var/www/magento/public/vendor/magento/framework/View/Layout.php(510): Magento\Framework\View\Layout\Interceptor->renderNonCachedElement()
#48 /var/www/magento/public/generated/code/Magento/Framework/View/Layout/Interceptor.php(140): Magento\Framework\View\Layout->renderElement()
#49 /var/www/magento/public/vendor/magento/framework/View/Layout.php(606): Magento\Framework\View\Layout\Interceptor->renderElement()
#50 /var/www/magento/public/vendor/magento/framework/View/Layout.php(557): Magento\Framework\View\Layout->_renderContainer()
#51 /var/www/magento/public/generated/code/Magento/Framework/View/Layout/Interceptor.php(149): Magento\Framework\View\Layout->renderNonCachedElement()
#52 /var/www/magento/public/vendor/magento/framework/View/Layout.php(510): Magento\Framework\View\Layout\Interceptor->renderNonCachedElement()
#53 /var/www/magento/public/generated/code/Magento/Framework/View/Layout/Interceptor.php(140): Magento\Framework\View\Layout->renderElement()
#54 /var/www/magento/public/vendor/magento/framework/View/Layout.php(975): Magento\Framework\View\Layout\Interceptor->renderElement()
#55 /var/www/magento/public/generated/code/Magento/Framework/View/Layout/Interceptor.php(347): Magento\Framework\View\Layout->getOutput()
#56 /var/www/magento/public/vendor/magento/framework/View/Result/Page.php(260): Magento\Framework\View\Layout\Interceptor->getOutput()
#57 /var/www/magento/public/vendor/magento/framework/View/Result/Layout.php(171): Magento\Framework\View\Result\Page->render()
#58 /var/www/magento/public/generated/code/Magento/Backend/Model/View/Result/Page/Interceptor.php(140): Magento\Framework\View\Result\Layout->renderResult()
#59 /var/www/magento/public/vendor/magento/framework/App/Http.php(120): Magento\Backend\Model\View\Result\Page\Interceptor->renderResult()
#60 /var/www/magento/public/vendor/magento/framework/Interception/Interceptor.php(58): Magento\Framework\App\Http->launch()
#61 /var/www/magento/public/vendor/magento/framework/Interception/Interceptor.php(138): Magento\Framework\App\Http\Interceptor->___callParent()
#62 /var/www/magento/public/vendor/magento/module-application-performance-monitor/Plugin/ApplicationPerformanceMonitor.php(38): Magento\Framework\App\Http\Interceptor->Magento\Framework\Interception\{closure}()
#63 /var/www/magento/public/vendor/magento/framework/Interception/Interceptor.php(135): Magento\ApplicationPerformanceMonitor\Plugin\ApplicationPerformanceMonitor->aroundLaunch()
#64 /var/www/magento/public/vendor/magento/framework/Interception/Interceptor.php(153): Magento\Framework\App\Http\Interceptor->Magento\Framework\Interception\{closure}()
#65 /var/www/magento/public/generated/code/Magento/Framework/App/Http/Interceptor.php(23): Magento\Framework\App\Http\Interceptor->___callPlugins()
#66 /var/www/magento/public/vendor/magento/framework/App/Bootstrap.php(264): Magento\Framework\App\Http\Interceptor->launch()
#67 /var/www/magento/public/pub/index.php(30): Magento\Framework\App\Bootstrap->run()
#68 {main} {"exception":"[object] (Error(code: 0): Call to a member function getData() on null at /var/www/magento/public/vendor/magento/module-ui/Component/Listing.php:38)"} []
[2025-01-27T13:03:12.999187+00:00] main.CRITICAL: Exception: Not registered handle magebit_gridrender_post_listing_data_source in /var/www/magento/public/vendor/magento/framework/View/Element/UiComponent/DataProvider/CollectionFactory.php:49
Stack trace:
#0 /var/www/magento/public/vendor/magento/framework/View/Element/UiComponent/DataProvider/Reporting.php(45): Magento\Framework\View\Element\UiComponent\DataProvider\CollectionFactory->getReport()
#1 /var/www/magento/public/vendor/magento/framework/View/Element/UiComponent/DataProvider/DataProvider.php(317): Magento\Framework\View\Element\UiComponent\DataProvider\Reporting->search()
#2 /var/www/magento/public/vendor/magento/framework/View/Element/UiComponent/DataProvider/DataProvider.php(286): Magento\Framework\View\Element\UiComponent\DataProvider\DataProvider->getSearchResult()
#3 /var/www/magento/public/vendor/magento/module-ui/Component/Listing.php(38): Magento\Framework\View\Element\UiComponent\DataProvider\DataProvider->getData()
#4 /var/www/magento/public/vendor/magento/framework/View/Element/UiComponent/Context.php(250): Magento\Ui\Component\Listing->getDataSourceData()
#5 /var/www/magento/public/vendor/magento/framework/View/Layout/Generic.php(75): Magento\Framework\View\Element\UiComponent\Context->getDataSourceData()
#6 /var/www/magento/public/vendor/magento/framework/View/Layout/Generator/Structure.php(46): Magento\Framework\View\Layout\Generic->build()
#7 /var/www/magento/public/vendor/magento/module-ui/TemplateEngine/Xhtml/Result.php(102): Magento\Framework\View\Layout\Generator\Structure->generate()
#8 /var/www/magento/public/vendor/magento/module-ui/TemplateEngine/Xhtml/Result.php(124): Magento\Ui\TemplateEngine\Xhtml\Result->appendLayoutConfiguration()
#9 /var/www/magento/public/vendor/magento/module-ui/Component/Wrapper/UiComponent.php(73): Magento\Ui\TemplateEngine\Xhtml\Result->__toString()
#10 /var/www/magento/public/vendor/magento/framework/View/Element/AbstractBlock.php(1128): Magento\Ui\Component\Wrapper\UiComponent->_toHtml()
#11 /var/www/magento/public/vendor/magento/framework/View/Element/AbstractBlock.php(1132): Magento\Framework\View\Element\AbstractBlock->Magento\Framework\View\Element\{closure}()
#12 /var/www/magento/public/vendor/magento/framework/View/Element/AbstractBlock.php(676): Magento\Framework\View\Element\AbstractBlock->_loadCache()
#13 /var/www/magento/public/vendor/magento/framework/View/Layout.php(591): Magento\Framework\View\Element\AbstractBlock->toHtml()
#14 /var/www/magento/public/vendor/magento/framework/View/Layout.php(553): Magento\Framework\View\Layout->_renderUiComponent()
#15 /var/www/magento/public/vendor/magento/framework/View/Layout.php(510): Magento\Framework\View\Layout->renderNonCachedElement()
#16 /var/www/magento/public/vendor/magento/framework/View/Layout.php(606): Magento\Framework\View\Layout->renderElement()
#17 /var/www/magento/public/vendor/magento/framework/View/Layout.php(557): Magento\Framework\View\Layout->_renderContainer()
#18 /var/www/magento/public/vendor/magento/framework/View/Layout.php(510): Magento\Framework\View\Layout->renderNonCachedElement()
#19 /var/www/magento/public/vendor/magento/framework/View/Layout.php(606): Magento\Framework\View\Layout->renderElement()
#20 /var/www/magento/public/vendor/magento/framework/View/Layout.php(557): Magento\Framework\View\Layout->_renderContainer()
#21 /var/www/magento/public/vendor/magento/framework/View/Layout.php(510): Magento\Framework\View\Layout->renderNonCachedElement()
#22 /var/www/magento/public/vendor/magento/framework/View/Layout.php(606): Magento\Framework\View\Layout->renderElement()
#23 /var/www/magento/public/vendor/magento/framework/View/Layout.php(557): Magento\Framework\View\Layout->_renderContainer()
#24 /var/www/magento/public/vendor/magento/framework/View/Layout.php(510): Magento\Framework\View\Layout->renderNonCachedElement()
#25 /var/www/magento/public/vendor/magento/framework/View/Layout.php(606): Magento\Framework\View\Layout->renderElement()
#26 /var/www/magento/public/vendor/magento/framework/View/Layout.php(557): Magento\Framework\View\Layout->_renderContainer()
#27 /var/www/magento/public/vendor/magento/framework/View/Layout.php(510): Magento\Framework\View\Layout->renderNonCachedElement()
#28 /var/www/magento/public/vendor/magento/framework/View/Layout.php(606): Magento\Framework\View\Layout->renderElement()
#29 /var/www/magento/public/vendor/magento/framework/View/Layout.php(557): Magento\Framework\View\Layout->_renderContainer()
#30 /var/www/magento/public/vendor/magento/framework/View/Layout.php(510): Magento\Framework\View\Layout->renderNonCachedElement()
#31 /var/www/magento/public/vendor/magento/framework/View/Layout.php(606): Magento\Framework\View\Layout->renderElement()
#32 /var/www/magento/public/vendor/magento/framework/View/Layout.php(557): Magento\Framework\View\Layout->_renderContainer()
#33 /var/www/magento/public/vendor/magento/framework/View/Layout.php(510): Magento\Framework\View\Layout->renderNonCachedElement()
#34 /var/www/magento/public/vendor/magento/framework/View/Layout.php(606): Magento\Framework\View\Layout->renderElement()
#35 /var/www/magento/public/vendor/magento/framework/View/Layout.php(557): Magento\Framework\View\Layout->_renderContainer()
#36 /var/www/magento/public/vendor/magento/framework/View/Layout.php(510): Magento\Framework\View\Layout->renderNonCachedElement()
#37 /var/www/magento/public/vendor/magento/framework/View/Layout.php(606): Magento\Framework\View\Layout->renderElement()
#38 /var/www/magento/public/vendor/magento/framework/View/Layout.php(557): Magento\Framework\View\Layout->_renderContainer()
#39 /var/www/magento/public/vendor/magento/framework/View/Layout.php(510): Magento\Framework\View\Layout->renderNonCachedElement()
#40 /var/www/magento/public/vendor/magento/framework/View/Layout.php(975): Magento\Framework\View\Layout->renderElement()
#41 /var/www/magento/public/generated/code/Magento/Framework/View/Layout/Interceptor.php(41): Magento\Framework\View\Layout->getOutput()
#42 /var/www/magento/public/vendor/magento/framework/View/Result/Page.php(260): Magento\Framework\View\Layout\Interceptor->getOutput()
#43 /var/www/magento/public/vendor/magento/framework/View/Result/Layout.php(171): Magento\Framework\View\Result\Page->render()
#44 /var/www/magento/public/generated/code/Magento/Backend/Model/View/Result/Page/Interceptor.php(32): Magento\Framework\View\Result\Layout->renderResult()
#45 /var/www/magento/public/vendor/magento/framework/App/Http.php(120): Magento\Backend\Model\View\Result\Page\Interceptor->renderResult()
#46 /var/www/magento/public/vendor/magento/framework/Interception/Interceptor.php(58): Magento\Framework\App\Http->launch()
#47 /var/www/magento/public/vendor/magento/framework/Interception/Interceptor.php(138): Magento\Framework\App\Http\Interceptor->___callParent()
#48 /var/www/magento/public/vendor/magento/module-application-performance-monitor/Plugin/ApplicationPerformanceMonitor.php(38): Magento\Framework\App\Http\Interceptor->Magento\Framework\Interception\{closure}()
#49 /var/www/magento/public/vendor/magento/framework/Interception/Interceptor.php(135): Magento\ApplicationPerformanceMonitor\Plugin\ApplicationPerformanceMonitor->aroundLaunch()
#50 /var/www/magento/public/vendor/magento/framework/Interception/Interceptor.php(153): Magento\Framework\App\Http\Interceptor->Magento\Framework\Interception\{closure}()
#51 /var/www/magento/public/generated/code/Magento/Framework/App/Http/Interceptor.php(23): Magento\Framework\App\Http\Interceptor->___callPlugins()
#52 /var/www/magento/public/vendor/magento/framework/App/Bootstrap.php(264): Magento\Framework\App\Http\Interceptor->launch()
#53 /var/www/magento/public/pub/index.php(30): Magento\Framework\App\Bootstrap->run()
#54 {main} {"exception":"[object] (Exception(code: 0): Not registered handle magebit_gridrender_post_listing_data_source at /var/www/magento/public/vendor/magento/framework/View/Element/UiComponent/DataProvider/CollectionFactory.php:49)"} []
[2025-01-27T13:03:39.516485+00:00] main.CRITICAL: Exception: Not registered handle magebit_gridrender_post_listing_data_source in /var/www/magento/public/vendor/magento/framework/View/Element/UiComponent/DataProvider/CollectionFactory.php:49
Stack trace:
#0 /var/www/magento/public/vendor/magento/framework/View/Element/UiComponent/DataProvider/Reporting.php(45): Magento\Framework\View\Element\UiComponent\DataProvider\CollectionFactory->getReport()
#1 /var/www/magento/public/vendor/magento/framework/View/Element/UiComponent/DataProvider/DataProvider.php(317): Magento\Framework\View\Element\UiComponent\DataProvider\Reporting->search()
#2 /var/www/magento/public/vendor/magento/framework/View/Element/UiComponent/DataProvider/DataProvider.php(286): Magento\Framework\View\Element\UiComponent\DataProvider\DataProvider->getSearchResult()
#3 /var/www/magento/public/vendor/magento/module-ui/Component/Listing.php(38): Magento\Framework\View\Element\UiComponent\DataProvider\DataProvider->getData()
#4 /var/www/magento/public/vendor/magento/framework/View/Element/UiComponent/Context.php(250): Magento\Ui\Component\Listing->getDataSourceData()
#5 /var/www/magento/public/vendor/magento/framework/View/Layout/Generic.php(75): Magento\Framework\View\Element\UiComponent\Context->getDataSourceData()
#6 /var/www/magento/public/vendor/magento/framework/View/Layout/Generator/Structure.php(46): Magento\Framework\View\Layout\Generic->build()
#7 /var/www/magento/public/vendor/magento/module-ui/TemplateEngine/Xhtml/Result.php(102): Magento\Framework\View\Layout\Generator\Structure->generate()
#8 /var/www/magento/public/vendor/magento/module-ui/TemplateEngine/Xhtml/Result.php(124): Magento\Ui\TemplateEngine\Xhtml\Result->appendLayoutConfiguration()
#9 /var/www/magento/public/vendor/magento/module-ui/Component/Wrapper/UiComponent.php(73): Magento\Ui\TemplateEngine\Xhtml\Result->__toString()
#10 /var/www/magento/public/vendor/magento/framework/View/Element/AbstractBlock.php(1128): Magento\Ui\Component\Wrapper\UiComponent->_toHtml()
#11 /var/www/magento/public/vendor/magento/framework/View/Element/AbstractBlock.php(1132): Magento\Framework\View\Element\AbstractBlock->Magento\Framework\View\Element\{closure}()
#12 /var/www/magento/public/vendor/magento/framework/View/Element/AbstractBlock.php(676): Magento\Framework\View\Element\AbstractBlock->_loadCache()
#13 /var/www/magento/public/vendor/magento/framework/View/Layout.php(591): Magento\Framework\View\Element\AbstractBlock->toHtml()
#14 /var/www/magento/public/vendor/magento/framework/View/Layout.php(553): Magento\Framework\View\Layout->_renderUiComponent()
#15 /var/www/magento/public/vendor/magento/framework/View/Layout.php(510): Magento\Framework\View\Layout->renderNonCachedElement()
#16 /var/www/magento/public/vendor/magento/framework/View/Layout.php(606): Magento\Framework\View\Layout->renderElement()
#17 /var/www/magento/public/vendor/magento/framework/View/Layout.php(557): Magento\Framework\View\Layout->_renderContainer()
#18 /var/www/magento/public/vendor/magento/framework/View/Layout.php(510): Magento\Framework\View\Layout->renderNonCachedElement()
#19 /var/www/magento/public/vendor/magento/framework/View/Layout.php(606): Magento\Framework\View\Layout->renderElement()
#20 /var/www/magento/public/vendor/magento/framework/View/Layout.php(557): Magento\Framework\View\Layout->_renderContainer()
#21 /var/www/magento/public/vendor/magento/framework/View/Layout.php(510): Magento\Framework\View\Layout->renderNonCachedElement()
#22 /var/www/magento/public/vendor/magento/framework/View/Layout.php(606): Magento\Framework\View\Layout->renderElement()
#23 /var/www/magento/public/vendor/magento/framework/View/Layout.php(557): Magento\Framework\View\Layout->_renderContainer()
#24 /var/www/magento/public/vendor/magento/framework/View/Layout.php(510): Magento\Framework\View\Layout->renderNonCachedElement()
#25 /var/www/magento/public/vendor/magento/framework/View/Layout.php(606): Magento\Framework\View\Layout->renderElement()
#26 /var/www/magento/public/vendor/magento/framework/View/Layout.php(557): Magento\Framework\View\Layout->_renderContainer()
#27 /var/www/magento/public/vendor/magento/framework/View/Layout.php(510): Magento\Framework\View\Layout->renderNonCachedElement()
#28 /var/www/magento/public/vendor/magento/framework/View/Layout.php(606): Magento\Framework\View\Layout->renderElement()
#29 /var/www/magento/public/vendor/magento/framework/View/Layout.php(557): Magento\Framework\View\Layout->_renderContainer()
#30 /var/www/magento/public/vendor/magento/framework/View/Layout.php(510): Magento\Framework\View\Layout->renderNonCachedElement()
#31 /var/www/magento/public/vendor/magento/framework/View/Layout.php(606): Magento\Framework\View\Layout->renderElement()
#32 /var/www/magento/public/vendor/magento/framework/View/Layout.php(557): Magento\Framework\View\Layout->_renderContainer()
#33 /var/www/magento/public/vendor/magento/framework/View/Layout.php(510): Magento\Framework\View\Layout->renderNonCachedElement()
#34 /var/www/magento/public/vendor/magento/framework/View/Layout.php(606): Magento\Framework\View\Layout->renderElement()
#35 /var/www/magento/public/vendor/magento/framework/View/Layout.php(557): Magento\Framework\View\Layout->_renderContainer()
#36 /var/www/magento/public/vendor/magento/framework/View/Layout.php(510): Magento\Framework\View\Layout->renderNonCachedElement()
#37 /var/www/magento/public/vendor/magento/framework/View/Layout.php(606): Magento\Framework\View\Layout->renderElement()
#38 /var/www/magento/public/vendor/magento/framework/View/Layout.php(557): Magento\Framework\View\Layout->_renderContainer()
#39 /var/www/magento/public/vendor/magento/framework/View/Layout.php(510): Magento\Framework\View\Layout->renderNonCachedElement()
#40 /var/www/magento/public/vendor/magento/framework/View/Layout.php(975): Magento\Framework\View\Layout->renderElement()
#41 /var/www/magento/public/generated/code/Magento/Framework/View/Layout/Interceptor.php(41): Magento\Framework\View\Layout->getOutput()
#42 /var/www/magento/public/vendor/magento/framework/View/Result/Page.php(260): Magento\Framework\View\Layout\Interceptor->getOutput()
#43 /var/www/magento/public/vendor/magento/framework/View/Result/Layout.php(171): Magento\Framework\View\Result\Page->render()
#44 /var/www/magento/public/generated/code/Magento/Backend/Model/View/Result/Page/Interceptor.php(32): Magento\Framework\View\Result\Layout->renderResult()
#45 /var/www/magento/public/vendor/magento/framework/App/Http.php(120): Magento\Backend\Model\View\Result\Page\Interceptor->renderResult()
#46 /var/www/magento/public/vendor/magento/framework/Interception/Interceptor.php(58): Magento\Framework\App\Http->launch()
#47 /var/www/magento/public/vendor/magento/framework/Interception/Interceptor.php(138): Magento\Framework\App\Http\Interceptor->___callParent()
#48 /var/www/magento/public/vendor/magento/module-application-performance-monitor/Plugin/ApplicationPerformanceMonitor.php(38): Magento\Framework\App\Http\Interceptor->Magento\Framework\Interception\{closure}()
#49 /var/www/magento/public/vendor/magento/framework/Interception/Interceptor.php(135): Magento\ApplicationPerformanceMonitor\Plugin\ApplicationPerformanceMonitor->aroundLaunch()
#50 /var/www/magento/public/vendor/magento/framework/Interception/Interceptor.php(153): Magento\Framework\App\Http\Interceptor->Magento\Framework\Interception\{closure}()
#51 /var/www/magento/public/generated/code/Magento/Framework/App/Http/Interceptor.php(23): Magento\Framework\App\Http\Interceptor->___callPlugins()
#52 /var/www/magento/public/vendor/magento/framework/App/Bootstrap.php(264): Magento\Framework\App\Http\Interceptor->launch()
#53 /var/www/magento/public/pub/index.php(30): Magento\Framework\App\Bootstrap->run()
#54 {main} {"exception":"[object] (Exception(code: 0): Not registered handle magebit_gridrender_post_listing_data_source at /var/www/magento/public/vendor/magento/framework/View/Element/UiComponent/DataProvider/CollectionFactory.php:49)"} []
[2025-01-27T13:10:06.569563+00:00] main.CRITICAL: Exception: Not registered handle magebit_gridrender_post_listing_data_source in /var/www/magento/public/vendor/magento/framework/View/Element/UiComponent/DataProvider/CollectionFactory.php:49
Stack trace:
#0 /var/www/magento/public/vendor/magento/framework/View/Element/UiComponent/DataProvider/Reporting.php(45): Magento\Framework\View\Element\UiComponent\DataProvider\CollectionFactory->getReport()
#1 /var/www/magento/public/vendor/magento/framework/View/Element/UiComponent/DataProvider/DataProvider.php(317): Magento\Framework\View\Element\UiComponent\DataProvider\Reporting->search()
#2 /var/www/magento/public/vendor/magento/framework/View/Element/UiComponent/DataProvider/DataProvider.php(286): Magento\Framework\View\Element\UiComponent\DataProvider\DataProvider->getSearchResult()
#3 /var/www/magento/public/vendor/magento/module-ui/Component/Listing.php(38): Magento\Framework\View\Element\UiComponent\DataProvider\DataProvider->getData()
#4 /var/www/magento/public/vendor/magento/framework/View/Element/UiComponent/Context.php(250): Magento\Ui\Component\Listing->getDataSourceData()
#5 /var/www/magento/public/vendor/magento/framework/View/Layout/Generic.php(75): Magento\Framework\View\Element\UiComponent\Context->getDataSourceData()
#6 /var/www/magento/public/vendor/magento/framework/View/Layout/Generator/Structure.php(46): Magento\Framework\View\Layout\Generic->build()
#7 /var/www/magento/public/vendor/magento/module-ui/TemplateEngine/Xhtml/Result.php(102): Magento\Framework\View\Layout\Generator\Structure->generate()
#8 /var/www/magento/public/vendor/magento/module-ui/TemplateEngine/Xhtml/Result.php(124): Magento\Ui\TemplateEngine\Xhtml\Result->appendLayoutConfiguration()
#9 /var/www/magento/public/vendor/magento/module-ui/Component/Wrapper/UiComponent.php(73): Magento\Ui\TemplateEngine\Xhtml\Result->__toString()
#10 /var/www/magento/public/vendor/magento/framework/View/Element/AbstractBlock.php(1128): Magento\Ui\Component\Wrapper\UiComponent->_toHtml()
#11 /var/www/magento/public/vendor/magento/framework/View/Element/AbstractBlock.php(1132): Magento\Framework\View\Element\AbstractBlock->Magento\Framework\View\Element\{closure}()
#12 /var/www/magento/public/vendor/magento/framework/View/Element/AbstractBlock.php(676): Magento\Framework\View\Element\AbstractBlock->_loadCache()
#13 /var/www/magento/public/vendor/magento/framework/View/Layout.php(591): Magento\Framework\View\Element\AbstractBlock->toHtml()
#14 /var/www/magento/public/vendor/magento/framework/View/Layout.php(553): Magento\Framework\View\Layout->_renderUiComponent()
#15 /var/www/magento/public/vendor/magento/framework/View/Layout.php(510): Magento\Framework\View\Layout->renderNonCachedElement()
#16 /var/www/magento/public/vendor/magento/framework/View/Layout.php(606): Magento\Framework\View\Layout->renderElement()
#17 /var/www/magento/public/vendor/magento/framework/View/Layout.php(557): Magento\Framework\View\Layout->_renderContainer()
#18 /var/www/magento/public/vendor/magento/framework/View/Layout.php(510): Magento\Framework\View\Layout->renderNonCachedElement()
#19 /var/www/magento/public/vendor/magento/framework/View/Layout.php(606): Magento\Framework\View\Layout->renderElement()
#20 /var/www/magento/public/vendor/magento/framework/View/Layout.php(557): Magento\Framework\View\Layout->_renderContainer()
#21 /var/www/magento/public/vendor/magento/framework/View/Layout.php(510): Magento\Framework\View\Layout->renderNonCachedElement()
#22 /var/www/magento/public/vendor/magento/framework/View/Layout.php(606): Magento\Framework\View\Layout->renderElement()
#23 /var/www/magento/public/vendor/magento/framework/View/Layout.php(557): Magento\Framework\View\Layout->_renderContainer()
#24 /var/www/magento/public/vendor/magento/framework/View/Layout.php(510): Magento\Framework\View\Layout->renderNonCachedElement()
#25 /var/www/magento/public/vendor/magento/framework/View/Layout.php(606): Magento\Framework\View\Layout->renderElement()
#26 /var/www/magento/public/vendor/magento/framework/View/Layout.php(557): Magento\Framework\View\Layout->_renderContainer()
#27 /var/www/magento/public/vendor/magento/framework/View/Layout.php(510): Magento\Framework\View\Layout->renderNonCachedElement()
#28 /var/www/magento/public/vendor/magento/framework/View/Layout.php(606): Magento\Framework\View\Layout->renderElement()
#29 /var/www/magento/public/vendor/magento/framework/View/Layout.php(557): Magento\Framework\View\Layout->_renderContainer()
#30 /var/www/magento/public/vendor/magento/framework/View/Layout.php(510): Magento\Framework\View\Layout->renderNonCachedElement()
#31 /var/www/magento/public/vendor/magento/framework/View/Layout.php(606): Magento\Framework\View\Layout->renderElement()
#32 /var/www/magento/public/vendor/magento/framework/View/Layout.php(557): Magento\Framework\View\Layout->_renderContainer()
#33 /var/www/magento/public/vendor/magento/framework/View/Layout.php(510): Magento\Framework\View\Layout->renderNonCachedElement()
#34 /var/www/magento/public/vendor/magento/framework/View/Layout.php(606): Magento\Framework\View\Layout->renderElement()
#35 /var/www/magento/public/vendor/magento/framework/View/Layout.php(557): Magento\Framework\View\Layout->_renderContainer()
#36 /var/www/magento/public/vendor/magento/framework/View/Layout.php(510): Magento\Framework\View\Layout->renderNonCachedElement()
#37 /var/www/magento/public/vendor/magento/framework/View/Layout.php(606): Magento\Framework\View\Layout->renderElement()
#38 /var/www/magento/public/vendor/magento/framework/View/Layout.php(557): Magento\Framework\View\Layout->_renderContainer()
#39 /var/www/magento/public/vendor/magento/framework/View/Layout.php(510): Magento\Framework\View\Layout->renderNonCachedElement()
#40 /var/www/magento/public/vendor/magento/framework/View/Layout.php(975): Magento\Framework\View\Layout->renderElement()
#41 /var/www/magento/public/generated/code/Magento/Framework/View/Layout/Interceptor.php(41): Magento\Framework\View\Layout->getOutput()
#42 /var/www/magento/public/vendor/magento/framework/View/Result/Page.php(260): Magento\Framework\View\Layout\Interceptor->getOutput()
#43 /var/www/magento/public/vendor/magento/framework/View/Result/Layout.php(171): Magento\Framework\View\Result\Page->render()
#44 /var/www/magento/public/generated/code/Magento/Backend/Model/View/Result/Page/Interceptor.php(32): Magento\Framework\View\Result\Layout->renderResult()
#45 /var/www/magento/public/vendor/magento/framework/App/Http.php(120): Magento\Backend\Model\View\Result\Page\Interceptor->renderResult()
#46 /var/www/magento/public/vendor/magento/framework/Interception/Interceptor.php(58): Magento\Framework\App\Http->launch()
#47 /var/www/magento/public/vendor/magento/framework/Interception/Interceptor.php(138): Magento\Framework\App\Http\Interceptor->___callParent()
#48 /var/www/magento/public/vendor/magento/module-application-performance-monitor/Plugin/ApplicationPerformanceMonitor.php(38): Magento\Framework\App\Http\Interceptor->Magento\Framework\Interception\{closure}()
#49 /var/www/magento/public/vendor/magento/framework/Interception/Interceptor.php(135): Magento\ApplicationPerformanceMonitor\Plugin\ApplicationPerformanceMonitor->aroundLaunch()
#50 /var/www/magento/public/vendor/magento/framework/Interception/Interceptor.php(153): Magento\Framework\App\Http\Interceptor->Magento\Framework\Interception\{closure}()
#51 /var/www/magento/public/generated/code/Magento/Framework/App/Http/Interceptor.php(23): Magento\Framework\App\Http\Interceptor->___callPlugins()
#52 /var/www/magento/public/vendor/magento/framework/App/Bootstrap.php(264): Magento\Framework\App\Http\Interceptor->launch()
#53 /var/www/magento/public/pub/index.php(30): Magento\Framework\App\Bootstrap->run()
#54 {main} {"exception":"[object] (Exception(code: 0): Not registered handle magebit_gridrender_post_listing_data_source at /var/www/magento/public/vendor/magento/framework/View/Element/UiComponent/DataProvider/CollectionFactory.php:49)"} []
