[2025-01-29T11:08:19.438981+00:00] main.INFO: Broken reference: the 'notification.messages' tries to reorder itself towards 'user', but their parents are different: 'header.inner.right' and 'header' respectively. [] []
[2025-01-29T11:08:19.855643+00:00] main.ERROR: Unable to resolve the source file for 'adminhtml/Magento/backend/en_US/underscore-umd.js.map' [] []
[2025-01-29T11:08:19.855839+00:00] main.CRITICAL: Unable to resolve the source file for 'adminhtml/Magento/backend/en_US/underscore-umd.js.map' [] []
[2025-01-29T11:08:23.651311+00:00] main.INFO: Broken reference: the 'notification.messages' tries to reorder itself towards 'user', but their parents are different: 'header.inner.right' and 'header' respectively. [] []
[2025-01-29T11:08:23.921798+00:00] main.ERROR: Unable to resolve the source file for 'adminhtml/Magento/backend/en_US/underscore-umd.js.map' [] []
[2025-01-29T11:08:23.922149+00:00] main.CRITICAL: Unable to resolve the source file for 'adminhtml/Magento/backend/en_US/underscore-umd.js.map' [] []
[2025-01-29T11:09:15.872269+00:00] main.INFO: Broken reference: the 'notification.messages' tries to reorder itself towards 'user', but their parents are different: 'header.inner.right' and 'header' respectively. [] []
[2025-01-29T11:09:16.183027+00:00] main.ERROR: Unable to resolve the source file for 'adminhtml/Magento/backend/en_US/underscore-umd.js.map' [] []
[2025-01-29T11:09:16.183200+00:00] main.CRITICAL: Unable to resolve the source file for 'adminhtml/Magento/backend/en_US/underscore-umd.js.map' [] []
[2025-01-29T11:09:19.705889+00:00] main.INFO: Broken reference: the 'notification.messages' tries to reorder itself towards 'user', but their parents are different: 'header.inner.right' and 'header' respectively. [] []
[2025-01-29T11:09:19.981806+00:00] main.ERROR: Unable to resolve the source file for 'adminhtml/Magento/backend/en_US/underscore-umd.js.map' [] []
[2025-01-29T11:09:19.981998+00:00] main.CRITICAL: Unable to resolve the source file for 'adminhtml/Magento/backend/en_US/underscore-umd.js.map' [] []
[2025-01-29T11:09:21.835897+00:00] main.INFO: Broken reference: the 'notification.messages' tries to reorder itself towards 'user', but their parents are different: 'header.inner.right' and 'header' respectively. [] []
[2025-01-29T11:09:22.100145+00:00] main.ERROR: Unable to resolve the source file for 'adminhtml/Magento/backend/en_US/underscore-umd.js.map' [] []
[2025-01-29T11:09:22.100338+00:00] main.CRITICAL: Unable to resolve the source file for 'adminhtml/Magento/backend/en_US/underscore-umd.js.map' [] []
[2025-01-29T11:09:26.347994+00:00] main.INFO: Broken reference: the 'notification.messages' tries to reorder itself towards 'user', but their parents are different: 'header.inner.right' and 'header' respectively. [] []
[2025-01-29T11:09:26.588523+00:00] main.ERROR: Unable to resolve the source file for 'adminhtml/Magento/backend/en_US/underscore-umd.js.map' [] []
[2025-01-29T11:09:26.588739+00:00] main.CRITICAL: Unable to resolve the source file for 'adminhtml/Magento/backend/en_US/underscore-umd.js.map' [] []
[2025-01-29T11:10:07.449477+00:00] main.INFO: Broken reference: the 'notification.messages' tries to reorder itself towards 'user', but their parents are different: 'header.inner.right' and 'header' respectively. [] []
[2025-01-29T11:10:07.840478+00:00] main.ERROR: Unable to resolve the source file for 'adminhtml/Magento/backend/en_US/underscore-umd.js.map' [] []
[2025-01-29T11:10:07.840699+00:00] main.CRITICAL: Unable to resolve the source file for 'adminhtml/Magento/backend/en_US/underscore-umd.js.map' [] []
[2025-01-29T11:10:09.583679+00:00] main.INFO: Broken reference: the 'notification.messages' tries to reorder itself towards 'user', but their parents are different: 'header.inner.right' and 'header' respectively. [] []
[2025-01-29T11:10:09.880771+00:00] main.ERROR: Unable to resolve the source file for 'adminhtml/Magento/backend/en_US/underscore-umd.js.map' [] []
[2025-01-29T11:10:09.880977+00:00] main.CRITICAL: Unable to resolve the source file for 'adminhtml/Magento/backend/en_US/underscore-umd.js.map' [] []
[2025-01-29T11:10:13.726918+00:00] main.INFO: Broken reference: the 'notification.messages' tries to reorder itself towards 'user', but their parents are different: 'header.inner.right' and 'header' respectively. [] []
[2025-01-29T11:10:14.068365+00:00] main.ERROR: Unable to resolve the source file for 'adminhtml/Magento/backend/en_US/underscore-umd.js.map' [] []
[2025-01-29T11:10:14.068566+00:00] main.CRITICAL: Unable to resolve the source file for 'adminhtml/Magento/backend/en_US/underscore-umd.js.map' [] []
[2025-01-29T11:11:49.343676+00:00] main.INFO: Broken reference: the 'notification.messages' tries to reorder itself towards 'user', but their parents are different: 'header.inner.right' and 'header' respectively. [] []
[2025-01-29T11:11:49.646775+00:00] main.ERROR: Unable to resolve the source file for 'adminhtml/Magento/backend/en_US/underscore-umd.js.map' [] []
[2025-01-29T11:11:49.647017+00:00] main.CRITICAL: Unable to resolve the source file for 'adminhtml/Magento/backend/en_US/underscore-umd.js.map' [] []
[2025-01-29T11:20:01.929052+00:00] main.WARNING: Memory size allocated for the temporary table is more than 20% of innodb_buffer_pool_size. Please update innodb_buffer_pool_size or decrease batch size value (which decreases memory usages for the temporary table). Current batch size: 100000; Allocated memory size: 50000000 bytes; InnoDB buffer pool size: 134217728 bytes. [] []
[2025-01-29T11:20:01.969568+00:00] main.WARNING: Memory size allocated for the temporary table is more than 20% of innodb_buffer_pool_size. Please update innodb_buffer_pool_size or decrease batch size value (which decreases memory usages for the temporary table). Current batch size: 100000; Allocated memory size: 50000000 bytes; InnoDB buffer pool size: 134217728 bytes. [] []
[2025-01-29T11:20:02.011280+00:00] main.WARNING: Memory size allocated for the temporary table is more than 20% of innodb_buffer_pool_size. Please update innodb_buffer_pool_size or decrease batch size value (which decreases memory usages for the temporary table). Current batch size: 100000; Allocated memory size: 50000000 bytes; InnoDB buffer pool size: 134217728 bytes. [] []
[2025-01-29T11:20:02.260170+00:00] main.WARNING: Memory size allocated for the temporary table is more than 20% of innodb_buffer_pool_size. Please update innodb_buffer_pool_size or decrease batch size value (which decreases memory usages for the temporary table). Current batch size: 100000; Allocated memory size: 50000000 bytes; InnoDB buffer pool size: 134217728 bytes. [] []
[2025-01-29T11:20:02.329794+00:00] main.WARNING: Memory size allocated for the temporary table is more than 20% of innodb_buffer_pool_size. Please update innodb_buffer_pool_size or decrease batch size value (which decreases memory usages for the temporary table). Current batch size: 100000; Allocated memory size: 50000000 bytes; InnoDB buffer pool size: 134217728 bytes. [] []
[2025-01-29T11:20:02.376975+00:00] main.WARNING: Memory size allocated for the temporary table is more than 20% of innodb_buffer_pool_size. Please update innodb_buffer_pool_size or decrease batch size value (which decreases memory usages for the temporary table). Current batch size: 100000; Allocated memory size: 50000000 bytes; InnoDB buffer pool size: 134217728 bytes. [] []
[2025-01-29T11:20:07.247245+00:00] main.WARNING: Memory size allocated for the temporary table is more than 20% of innodb_buffer_pool_size. Please update innodb_buffer_pool_size or decrease batch size value (which decreases memory usages for the temporary table). Current batch size: 3334; Allocated memory size: 50010000 bytes; InnoDB buffer pool size: 134217728 bytes. [] []
[2025-01-29T11:21:09.884917+00:00] main.INFO: Broken reference: the 'notification.messages' tries to reorder itself towards 'user', but their parents are different: 'header.inner.right' and 'header' respectively. [] []
[2025-01-29T11:21:12.949167+00:00] main.ERROR: Unable to resolve the source file for 'adminhtml/Magento/backend/en_US/underscore-umd.js.map' [] []
[2025-01-29T11:21:12.949398+00:00] main.CRITICAL: Unable to resolve the source file for 'adminhtml/Magento/backend/en_US/underscore-umd.js.map' [] []
[2025-01-29T11:21:18.063390+00:00] main.INFO: Post saved: {"title":"rr"} []
[2025-01-29T11:21:18.274805+00:00] main.INFO: Broken reference: the 'notification.messages' tries to reorder itself towards 'user', but their parents are different: 'header.inner.right' and 'header' respectively. [] []
[2025-01-29T11:21:18.814097+00:00] main.ERROR: Unable to resolve the source file for 'adminhtml/Magento/backend/en_US/underscore-umd.js.map' [] []
[2025-01-29T11:21:18.814308+00:00] main.CRITICAL: Unable to resolve the source file for 'adminhtml/Magento/backend/en_US/underscore-umd.js.map' [] []
[2025-01-29T12:53:10.121662+00:00] main.INFO: Broken reference: the 'tracking' element cannot be added as child to 'header', because the latter doesn't exist [] []
[2025-01-29T12:53:10.121782+00:00] main.INFO: Broken reference: the 'notification_area' element cannot be added as child to 'notifications', because the latter doesn't exist [] []
[2025-01-29T12:53:10.121816+00:00] main.INFO: Broken reference: the 'unread_system_messages' element cannot be added as child to 'notifications', because the latter doesn't exist [] []
[2025-01-29T12:53:10.121843+00:00] main.INFO: Broken reference: the 'notification_window' element cannot be added as child to 'notifications', because the latter doesn't exist [] []
[2025-01-29T12:53:10.121869+00:00] main.INFO: Broken reference: the 'notification.messages' element cannot be added as child to 'header', because the latter doesn't exist [] []
[2025-01-29T12:53:10.121897+00:00] main.INFO: Broken reference: the 'global_notices' element cannot be added as child to 'global.notices', because the latter doesn't exist [] []
[2025-01-29T12:53:10.121923+00:00] main.INFO: Broken reference: the 'logo' element cannot be added as child to 'header', because the latter doesn't exist [] []
[2025-01-29T12:53:10.121952+00:00] main.INFO: Broken reference: the 'global.search' element cannot be added as child to 'header', because the latter doesn't exist [] []
[2025-01-29T12:53:10.121978+00:00] main.INFO: Broken reference: the 'user' element cannot be added as child to 'header', because the latter doesn't exist [] []
[2025-01-29T12:53:10.122003+00:00] main.INFO: Broken reference: the 'menu' element cannot be added as child to 'page.menu', because the latter doesn't exist [] []
[2025-01-29T12:53:10.122027+00:00] main.INFO: Broken reference: the 'breadcrumbs' element cannot be added as child to 'page.breadcrumbs', because the latter doesn't exist [] []
[2025-01-29T12:53:10.122051+00:00] main.INFO: Broken reference: the 'formkey' element cannot be added as child to 'page.formkey', because the latter doesn't exist [] []
[2025-01-29T12:53:10.122075+00:00] main.INFO: Broken reference: the 'page.title' element cannot be added as child to 'main.top', because the latter doesn't exist [] []
[2025-01-29T12:53:10.122099+00:00] main.INFO: Broken reference: the 'messages' element cannot be added as child to 'page.messages', because the latter doesn't exist [] []
[2025-01-29T12:53:10.122122+00:00] main.INFO: Broken reference: the 'page.actions.toolbar' element cannot be added as child to 'page.main.actions', because the latter doesn't exist [] []
[2025-01-29T12:53:10.122146+00:00] main.INFO: Broken reference: the 'legal' element cannot be added as child to 'footer', because the latter doesn't exist [] []
[2025-01-29T12:53:10.122202+00:00] main.INFO: Broken reference: the 'header.inner.left' element cannot be added as child to 'header', because the latter doesn't exist [] []
[2025-01-29T12:53:10.122230+00:00] main.INFO: Broken reference: the 'header.inner.right' element cannot be added as child to 'header', because the latter doesn't exist [] []
[2025-01-29T12:53:10.122277+00:00] main.INFO: Broken reference: the 'user' tries to reorder itself towards '', but their parents are different: 'header' and '' respectively. [] []
[2025-01-29T12:53:10.122305+00:00] main.INFO: Broken reference: the 'notification.messages' tries to reorder itself towards 'user', but their parents are different: 'header' and '' respectively. [] []
[2025-01-29T12:53:10.122334+00:00] main.INFO: Broken reference: the 'logo' tries to reorder itself towards '', but their parents are different: 'header' and '' respectively. [] []
[2025-01-29T12:53:10.122358+00:00] main.INFO: Broken reference: the 'global.search' tries to reorder itself towards 'logo', but their parents are different: 'header' and '' respectively. [] []
[2025-01-29T12:53:10.122381+00:00] main.INFO: Broken reference: the 'page.actions.toolbar' tries to reorder itself towards '', but their parents are different: 'page.main.actions' and '' respectively. [] []
[2025-01-29T12:53:10.122415+00:00] main.INFO: Broken reference: the 'header.inner.left' tries to reorder itself towards '', but their parents are different: 'header' and '' respectively. [] []
[2025-01-29T12:53:10.122442+00:00] main.INFO: Broken reference: the 'header.inner.right' tries to reorder itself towards 'header.inner.left', but their parents are different: 'header' and '' respectively. [] []
[2025-01-29T12:53:10.122472+00:00] main.INFO: Broken reference: the 'notification.messages' tries to reorder itself towards 'user', but their parents are different: 'header.inner.right' and '' respectively. [] []
[2025-01-29T12:53:10.494740+00:00] main.ERROR: Unable to resolve the source file for 'adminhtml/Magento/backend/en_US/underscore-umd.js.map' [] []
[2025-01-29T12:53:10.494980+00:00] main.CRITICAL: Unable to resolve the source file for 'adminhtml/Magento/backend/en_US/underscore-umd.js.map' [] []
[2025-01-29T12:53:15.234212+00:00] main.INFO: Broken reference: the 'notification.messages' tries to reorder itself towards 'user', but their parents are different: 'header.inner.right' and 'header' respectively. [] []
[2025-01-29T12:53:15.790658+00:00] main.ERROR: Unable to resolve the source file for 'adminhtml/Magento/backend/en_US/underscore-umd.js.map' [] []
[2025-01-29T12:53:15.790998+00:00] main.CRITICAL: Unable to resolve the source file for 'adminhtml/Magento/backend/en_US/underscore-umd.js.map' [] []
[2025-01-29T12:53:20.731514+00:00] main.INFO: Broken reference: the 'notification.messages' tries to reorder itself towards 'user', but their parents are different: 'header.inner.right' and 'header' respectively. [] []
[2025-01-29T12:53:21.177360+00:00] main.ERROR: Unable to resolve the source file for 'adminhtml/Magento/backend/en_US/underscore-umd.js.map' [] []
[2025-01-29T12:53:21.177560+00:00] main.CRITICAL: Unable to resolve the source file for 'adminhtml/Magento/backend/en_US/underscore-umd.js.map' [] []
[2025-01-29T12:53:25.554795+00:00] main.INFO: Broken reference: the 'notification.messages' tries to reorder itself towards 'user', but their parents are different: 'header.inner.right' and 'header' respectively. [] []
[2025-01-29T12:53:25.905970+00:00] main.ERROR: Unable to resolve the source file for 'adminhtml/Magento/backend/en_US/underscore-umd.js.map' [] []
[2025-01-29T12:53:25.906173+00:00] main.CRITICAL: Unable to resolve the source file for 'adminhtml/Magento/backend/en_US/underscore-umd.js.map' [] []
[2025-01-29T12:53:31.708082+00:00] main.INFO: Post saved: {"title":"ee"} []
[2025-01-29T12:53:31.823756+00:00] main.INFO: Broken reference: the 'notification.messages' tries to reorder itself towards 'user', but their parents are different: 'header.inner.right' and 'header' respectively. [] []
[2025-01-29T12:53:32.154868+00:00] main.ERROR: Unable to resolve the source file for 'adminhtml/Magento/backend/en_US/underscore-umd.js.map' [] []
[2025-01-29T12:53:32.155081+00:00] main.CRITICAL: Unable to resolve the source file for 'adminhtml/Magento/backend/en_US/underscore-umd.js.map' [] []
[2025-01-29T13:30:09.661652+00:00] main.ERROR: There are no commands defined in the "gridrender:post" namespace.
#0 /var/www/magento/public/vendor/symfony/console/Application.php(720): Symfony\Component\Console\Application->findNamespace()
#1 /var/www/magento/public/vendor/symfony/console/Application.php(266): Symfony\Component\Console\Application->find()
#2 /var/www/magento/public/vendor/magento/framework/Console/Cli.php(118): Symfony\Component\Console\Application->doRun()
#3 /var/www/magento/public/vendor/symfony/console/Application.php(175): Magento\Framework\Console\Cli->doRun()
#4 /var/www/magento/public/bin/magento(23): Symfony\Component\Console\Application->run()
#5 {main} [] []
[2025-01-29T13:31:10.934305+00:00] main.INFO: Broken reference: the 'tracking' element cannot be added as child to 'header', because the latter doesn't exist [] []
[2025-01-29T13:31:10.934483+00:00] main.INFO: Broken reference: the 'notification_area' element cannot be added as child to 'notifications', because the latter doesn't exist [] []
[2025-01-29T13:31:10.934543+00:00] main.INFO: Broken reference: the 'unread_system_messages' element cannot be added as child to 'notifications', because the latter doesn't exist [] []
[2025-01-29T13:31:10.934589+00:00] main.INFO: Broken reference: the 'notification_window' element cannot be added as child to 'notifications', because the latter doesn't exist [] []
[2025-01-29T13:31:10.934637+00:00] main.INFO: Broken reference: the 'notification.messages' element cannot be added as child to 'header', because the latter doesn't exist [] []
[2025-01-29T13:31:10.934686+00:00] main.INFO: Broken reference: the 'global_notices' element cannot be added as child to 'global.notices', because the latter doesn't exist [] []
[2025-01-29T13:31:10.934728+00:00] main.INFO: Broken reference: the 'logo' element cannot be added as child to 'header', because the latter doesn't exist [] []
[2025-01-29T13:31:10.934770+00:00] main.INFO: Broken reference: the 'global.search' element cannot be added as child to 'header', because the latter doesn't exist [] []
[2025-01-29T13:31:10.934813+00:00] main.INFO: Broken reference: the 'user' element cannot be added as child to 'header', because the latter doesn't exist [] []
[2025-01-29T13:31:10.934856+00:00] main.INFO: Broken reference: the 'menu' element cannot be added as child to 'page.menu', because the latter doesn't exist [] []
[2025-01-29T13:31:10.934898+00:00] main.INFO: Broken reference: the 'breadcrumbs' element cannot be added as child to 'page.breadcrumbs', because the latter doesn't exist [] []
[2025-01-29T13:31:10.934939+00:00] main.INFO: Broken reference: the 'formkey' element cannot be added as child to 'page.formkey', because the latter doesn't exist [] []
[2025-01-29T13:31:10.934980+00:00] main.INFO: Broken reference: the 'page.title' element cannot be added as child to 'main.top', because the latter doesn't exist [] []
[2025-01-29T13:31:10.935022+00:00] main.INFO: Broken reference: the 'messages' element cannot be added as child to 'page.messages', because the latter doesn't exist [] []
[2025-01-29T13:31:10.935063+00:00] main.INFO: Broken reference: the 'page.actions.toolbar' element cannot be added as child to 'page.main.actions', because the latter doesn't exist [] []
[2025-01-29T13:31:10.935105+00:00] main.INFO: Broken reference: the 'legal' element cannot be added as child to 'footer', because the latter doesn't exist [] []
[2025-01-29T13:31:10.935201+00:00] main.INFO: Broken reference: the 'header.inner.left' element cannot be added as child to 'header', because the latter doesn't exist [] []
[2025-01-29T13:31:10.935261+00:00] main.INFO: Broken reference: the 'header.inner.right' element cannot be added as child to 'header', because the latter doesn't exist [] []
[2025-01-29T13:31:10.935342+00:00] main.INFO: Broken reference: the 'user' tries to reorder itself towards '', but their parents are different: 'header' and '' respectively. [] []
[2025-01-29T13:31:10.935388+00:00] main.INFO: Broken reference: the 'notification.messages' tries to reorder itself towards 'user', but their parents are different: 'header' and '' respectively. [] []
[2025-01-29T13:31:10.935431+00:00] main.INFO: Broken reference: the 'logo' tries to reorder itself towards '', but their parents are different: 'header' and '' respectively. [] []
[2025-01-29T13:31:10.935473+00:00] main.INFO: Broken reference: the 'global.search' tries to reorder itself towards 'logo', but their parents are different: 'header' and '' respectively. [] []
[2025-01-29T13:31:10.935520+00:00] main.INFO: Broken reference: the 'page.actions.toolbar' tries to reorder itself towards '', but their parents are different: 'page.main.actions' and '' respectively. [] []
[2025-01-29T13:31:10.935577+00:00] main.INFO: Broken reference: the 'header.inner.left' tries to reorder itself towards '', but their parents are different: 'header' and '' respectively. [] []
[2025-01-29T13:31:10.935623+00:00] main.INFO: Broken reference: the 'header.inner.right' tries to reorder itself towards 'header.inner.left', but their parents are different: 'header' and '' respectively. [] []
[2025-01-29T13:31:10.935678+00:00] main.INFO: Broken reference: the 'notification.messages' tries to reorder itself towards 'user', but their parents are different: 'header.inner.right' and '' respectively. [] []
[2025-01-29T13:31:11.628488+00:00] main.ERROR: Unable to resolve the source file for 'adminhtml/Magento/backend/en_US/underscore-umd.js.map' [] []
[2025-01-29T13:31:11.628731+00:00] main.CRITICAL: Unable to resolve the source file for 'adminhtml/Magento/backend/en_US/underscore-umd.js.map' [] []
[2025-01-29T13:31:17.966700+00:00] main.INFO: Broken reference: the 'notification.messages' tries to reorder itself towards 'user', but their parents are different: 'header.inner.right' and 'header' respectively. [] []
[2025-01-29T13:31:18.409681+00:00] main.ERROR: Unable to resolve the source file for 'adminhtml/Magento/backend/en_US/underscore-umd.js.map' [] []
[2025-01-29T13:31:18.409907+00:00] main.CRITICAL: Unable to resolve the source file for 'adminhtml/Magento/backend/en_US/underscore-umd.js.map' [] []
[2025-01-29T13:31:23.322670+00:00] main.INFO: Broken reference: the 'notification.messages' tries to reorder itself towards 'user', but their parents are different: 'header.inner.right' and 'header' respectively. [] []
[2025-01-29T13:31:23.648565+00:00] main.ERROR: Unable to resolve the source file for 'adminhtml/Magento/backend/en_US/underscore-umd.js.map' [] []
[2025-01-29T13:31:23.648761+00:00] main.CRITICAL: Unable to resolve the source file for 'adminhtml/Magento/backend/en_US/underscore-umd.js.map' [] []
[2025-01-29T13:31:25.061936+00:00] main.INFO: Broken reference: the 'notification.messages' tries to reorder itself towards 'user', but their parents are different: 'header.inner.right' and 'header' respectively. [] []
[2025-01-29T13:31:25.457711+00:00] main.ERROR: Unable to resolve the source file for 'adminhtml/Magento/backend/en_US/underscore-umd.js.map' [] []
[2025-01-29T13:31:25.457873+00:00] main.CRITICAL: Unable to resolve the source file for 'adminhtml/Magento/backend/en_US/underscore-umd.js.map' [] []
[2025-01-29T13:31:28.720678+00:00] main.INFO: Post saved: {"title":"bbb"} []
[2025-01-29T13:31:28.819575+00:00] main.INFO: Broken reference: the 'notification.messages' tries to reorder itself towards 'user', but their parents are different: 'header.inner.right' and 'header' respectively. [] []
[2025-01-29T13:31:29.228623+00:00] main.ERROR: Unable to resolve the source file for 'adminhtml/Magento/backend/en_US/underscore-umd.js.map' [] []
[2025-01-29T13:31:29.228826+00:00] main.CRITICAL: Unable to resolve the source file for 'adminhtml/Magento/backend/en_US/underscore-umd.js.map' [] []
[2025-01-29T13:54:22.109958+00:00] main.INFO: Broken reference: the 'tracking' element cannot be added as child to 'header', because the latter doesn't exist [] []
[2025-01-29T13:54:22.110098+00:00] main.INFO: Broken reference: the 'notification_area' element cannot be added as child to 'notifications', because the latter doesn't exist [] []
[2025-01-29T13:54:22.110130+00:00] main.INFO: Broken reference: the 'unread_system_messages' element cannot be added as child to 'notifications', because the latter doesn't exist [] []
[2025-01-29T13:54:22.110164+00:00] main.INFO: Broken reference: the 'notification_window' element cannot be added as child to 'notifications', because the latter doesn't exist [] []
[2025-01-29T13:54:22.110200+00:00] main.INFO: Broken reference: the 'notification.messages' element cannot be added as child to 'header', because the latter doesn't exist [] []
[2025-01-29T13:54:22.110247+00:00] main.INFO: Broken reference: the 'global_notices' element cannot be added as child to 'global.notices', because the latter doesn't exist [] []
[2025-01-29T13:54:22.110287+00:00] main.INFO: Broken reference: the 'logo' element cannot be added as child to 'header', because the latter doesn't exist [] []
[2025-01-29T13:54:22.110326+00:00] main.INFO: Broken reference: the 'global.search' element cannot be added as child to 'header', because the latter doesn't exist [] []
[2025-01-29T13:54:22.110359+00:00] main.INFO: Broken reference: the 'user' element cannot be added as child to 'header', because the latter doesn't exist [] []
[2025-01-29T13:54:22.110398+00:00] main.INFO: Broken reference: the 'menu' element cannot be added as child to 'page.menu', because the latter doesn't exist [] []
[2025-01-29T13:54:22.110436+00:00] main.INFO: Broken reference: the 'breadcrumbs' element cannot be added as child to 'page.breadcrumbs', because the latter doesn't exist [] []
[2025-01-29T13:54:22.110479+00:00] main.INFO: Broken reference: the 'formkey' element cannot be added as child to 'page.formkey', because the latter doesn't exist [] []
[2025-01-29T13:54:22.110523+00:00] main.INFO: Broken reference: the 'page.title' element cannot be added as child to 'main.top', because the latter doesn't exist [] []
[2025-01-29T13:54:22.110568+00:00] main.INFO: Broken reference: the 'messages' element cannot be added as child to 'page.messages', because the latter doesn't exist [] []
[2025-01-29T13:54:22.110613+00:00] main.INFO: Broken reference: the 'page.actions.toolbar' element cannot be added as child to 'page.main.actions', because the latter doesn't exist [] []
[2025-01-29T13:54:22.110668+00:00] main.INFO: Broken reference: the 'legal' element cannot be added as child to 'footer', because the latter doesn't exist [] []
[2025-01-29T13:54:22.110778+00:00] main.INFO: Broken reference: the 'header.inner.left' element cannot be added as child to 'header', because the latter doesn't exist [] []
[2025-01-29T13:54:22.110827+00:00] main.INFO: Broken reference: the 'header.inner.right' element cannot be added as child to 'header', because the latter doesn't exist [] []
[2025-01-29T13:54:22.110930+00:00] main.INFO: Broken reference: the 'user' tries to reorder itself towards '', but their parents are different: 'header' and '' respectively. [] []
[2025-01-29T13:54:22.110977+00:00] main.INFO: Broken reference: the 'notification.messages' tries to reorder itself towards 'user', but their parents are different: 'header' and '' respectively. [] []
[2025-01-29T13:54:22.111021+00:00] main.INFO: Broken reference: the 'logo' tries to reorder itself towards '', but their parents are different: 'header' and '' respectively. [] []
[2025-01-29T13:54:22.111057+00:00] main.INFO: Broken reference: the 'global.search' tries to reorder itself towards 'logo', but their parents are different: 'header' and '' respectively. [] []
[2025-01-29T13:54:22.111096+00:00] main.INFO: Broken reference: the 'page.actions.toolbar' tries to reorder itself towards '', but their parents are different: 'page.main.actions' and '' respectively. [] []
[2025-01-29T13:54:22.111147+00:00] main.INFO: Broken reference: the 'header.inner.left' tries to reorder itself towards '', but their parents are different: 'header' and '' respectively. [] []
[2025-01-29T13:54:22.111187+00:00] main.INFO: Broken reference: the 'header.inner.right' tries to reorder itself towards 'header.inner.left', but their parents are different: 'header' and '' respectively. [] []
[2025-01-29T13:54:22.111231+00:00] main.INFO: Broken reference: the 'notification.messages' tries to reorder itself towards 'user', but their parents are different: 'header.inner.right' and '' respectively. [] []
[2025-01-29T13:54:22.604233+00:00] main.ERROR: Unable to resolve the source file for 'adminhtml/Magento/backend/en_US/underscore-umd.js.map' [] []
[2025-01-29T13:54:22.604478+00:00] main.CRITICAL: Unable to resolve the source file for 'adminhtml/Magento/backend/en_US/underscore-umd.js.map' [] []
[2025-01-29T13:54:28.727002+00:00] main.INFO: Broken reference: the 'notification.messages' tries to reorder itself towards 'user', but their parents are different: 'header.inner.right' and 'header' respectively. [] []
[2025-01-29T13:54:29.388844+00:00] main.ERROR: Unable to resolve the source file for 'adminhtml/Magento/backend/en_US/underscore-umd.js.map' [] []
[2025-01-29T13:54:29.389129+00:00] main.CRITICAL: Unable to resolve the source file for 'adminhtml/Magento/backend/en_US/underscore-umd.js.map' [] []
[2025-01-29T13:54:33.443104+00:00] main.INFO: Broken reference: the 'notification.messages' tries to reorder itself towards 'user', but their parents are different: 'header.inner.right' and 'header' respectively. [] []
[2025-01-29T13:54:33.732029+00:00] main.ERROR: Unable to resolve the source file for 'adminhtml/Magento/backend/en_US/underscore-umd.js.map' [] []
[2025-01-29T13:54:33.732169+00:00] main.CRITICAL: Unable to resolve the source file for 'adminhtml/Magento/backend/en_US/underscore-umd.js.map' [] []
[2025-01-29T13:54:35.934117+00:00] main.INFO: Broken reference: the 'notification.messages' tries to reorder itself towards 'user', but their parents are different: 'header.inner.right' and 'header' respectively. [] []
[2025-01-29T13:54:36.229742+00:00] main.ERROR: Unable to resolve the source file for 'adminhtml/Magento/backend/en_US/underscore-umd.js.map' [] []
[2025-01-29T13:54:36.229956+00:00] main.CRITICAL: Unable to resolve the source file for 'adminhtml/Magento/backend/en_US/underscore-umd.js.map' [] []
[2025-01-29T13:54:40.550812+00:00] main.INFO: Post saved: {"title":"jj"} []
[2025-01-29T13:54:40.710074+00:00] main.INFO: Broken reference: the 'notification.messages' tries to reorder itself towards 'user', but their parents are different: 'header.inner.right' and 'header' respectively. [] []
[2025-01-29T13:54:41.154195+00:00] main.ERROR: Unable to resolve the source file for 'adminhtml/Magento/backend/en_US/underscore-umd.js.map' [] []
[2025-01-29T13:54:41.154445+00:00] main.CRITICAL: Unable to resolve the source file for 'adminhtml/Magento/backend/en_US/underscore-umd.js.map' [] []
[2025-01-29T14:04:45.149745+00:00] main.INFO: Broken reference: the 'notification.messages' tries to reorder itself towards 'user', but their parents are different: 'header.inner.right' and 'header' respectively. [] []
[2025-01-29T14:04:45.987611+00:00] main.ERROR: Unable to resolve the source file for 'adminhtml/Magento/backend/en_US/underscore-umd.js.map' [] []
[2025-01-29T14:04:45.987967+00:00] main.CRITICAL: Unable to resolve the source file for 'adminhtml/Magento/backend/en_US/underscore-umd.js.map' [] []
[2025-01-29T14:04:47.537294+00:00] main.INFO: Broken reference: the 'notification.messages' tries to reorder itself towards 'user', but their parents are different: 'header.inner.right' and 'header' respectively. [] []
[2025-01-29T14:04:47.766675+00:00] main.ERROR: Unable to resolve the source file for 'adminhtml/Magento/backend/en_US/underscore-umd.js.map' [] []
[2025-01-29T14:04:47.766844+00:00] main.CRITICAL: Unable to resolve the source file for 'adminhtml/Magento/backend/en_US/underscore-umd.js.map' [] []
[2025-01-29T14:04:51.846636+00:00] main.INFO: Post saved: {"title":"jjj"} []
[2025-01-29T14:04:51.902048+00:00] main.INFO: Broken reference: the 'notification.messages' tries to reorder itself towards 'user', but their parents are different: 'header.inner.right' and 'header' respectively. [] []
[2025-01-29T14:04:52.199994+00:00] main.ERROR: Unable to resolve the source file for 'adminhtml/Magento/backend/en_US/underscore-umd.js.map' [] []
[2025-01-29T14:04:52.200732+00:00] main.CRITICAL: Unable to resolve the source file for 'adminhtml/Magento/backend/en_US/underscore-umd.js.map' [] []
